2022-08-13 21:45:21,709 [INFO] Activator:177 - 


2022-08-13 21:45:21,710 [INFO] Activator:178 - !SESSION log4j initialized
2022-08-13 21:45:47,615 [ERROR] LogOutputStream:74 - [STDERR_REDIRECT] SLF4J: Failed to load class "org.slf4j.impl.StaticLoggerBinder".
2022-08-13 21:45:47,616 [ERROR] LogOutputStream:74 - [STDERR_REDIRECT] SLF4J: Defaulting to no-operation (NOP) logger implementation
2022-08-13 21:45:47,618 [ERROR] LogOutputStream:74 - [STDERR_REDIRECT] SLF4J: See http://www.slf4j.org/codes.html#StaticLoggerBinder for further details.
2022-08-13 21:46:10,901 [INFO] McuFinderGlobals:44 - Set McuFinder mode to 2 (CubeIDE integrated)
2022-08-13 21:46:11,057 [INFO] ApplicationProperties:181 - Using Application install path: C:\ST\STM32CubeIDE_1.10.1\STM32CubeIDE\plugins\com.st.stm32cube.common.mx_6.6.1.202207061420
2022-08-13 21:46:11,077 [INFO] DbMcusXml:77 - Set database path to: C:\ST\STM32CubeIDE_1.10.1\STM32CubeIDE\plugins\com.st.stm32cube.common.mx_6.6.1.202207061420\\db\/mcu/
2022-08-13 21:46:11,077 [INFO] ApiDb:269 - Set plugin database path to: C:\ST\STM32CubeIDE_1.10.1\STM32CubeIDE\plugins\com.st.stm32cube.common.mx_6.6.1.202207061420\\db\/plugins/boardmanager/
2022-08-13 21:46:11,079 [WARN] ApiDb:254 - Overriding images path with different value:  => C:\ST\STM32CubeIDE_1.10.1\STM32CubeIDE\plugins\com.st.stm32cube.common.mx_6.6.1.202207061420\\db\/plugins/mcufinder/images/
2022-08-13 21:46:11,098 [INFO] ApiDb:249 - Set database path to: C:\Users\javie\.stmcufinder\plugins\mcufinder//mcu/
2022-08-13 21:46:11,100 [INFO] DbMcusAds:124 - Set database path to: C:\Users\javie\.stmcufinder\plugins\mcufinder//mcu/
2022-08-13 21:46:11,118 [INFO] CrossReferenceDbSqlite:201 - Set database path to: C:\Users\javie\.stmcufinder\plugins\mcufinder//mcu/cs/
2022-08-13 21:46:11,243 [INFO] RulesReader:61 - Compatibility file has been processed (282 Rules)
2022-08-13 21:46:11,340 [INFO] DbMcusXml:77 - Set database path to: C:\ST\STM32CubeIDE_1.10.1\STM32CubeIDE\plugins\com.st.stm32cube.common.mx_6.6.1.202207061420\\db\/mcu/
2022-08-13 21:46:11,340 [INFO] ApiDb:269 - Set plugin database path to: C:\ST\STM32CubeIDE_1.10.1\STM32CubeIDE\plugins\com.st.stm32cube.common.mx_6.6.1.202207061420\\db\/plugins/boardmanager/
2022-08-13 21:46:11,340 [INFO] ApiDb:256 - Set plugin images path to: C:\ST\STM32CubeIDE_1.10.1\STM32CubeIDE\plugins\com.st.stm32cube.common.mx_6.6.1.202207061420\\db\/plugins/mcufinder/images/
2022-08-13 21:46:11,341 [WARN] DbFile:40 - Overriding database path with different value: C:\Users\javie\.stmcufinder\plugins\mcufinder/ => C:\Users\javie\.stmcufinder\plugins\mcufinder
2022-08-13 21:46:11,341 [INFO] ApiDb:249 - Set database path to: C:\Users\javie\.stmcufinder\plugins\mcufinder//mcu/
2022-08-13 21:46:11,342 [WARN] DbFile:40 - Overriding database path with different value: C:\Users\javie\.stmcufinder\plugins\mcufinder/ => C:\Users\javie\.stmcufinder\plugins\mcufinder
2022-08-13 21:46:11,342 [INFO] DbMcusAds:124 - Set database path to: C:\Users\javie\.stmcufinder\plugins\mcufinder//mcu/
2022-08-13 21:46:11,344 [WARN] DbFile:40 - Overriding database path with different value: C:\Users\javie\.stmcufinder\plugins\mcufinder/ => C:\Users\javie\.stmcufinder\plugins\mcufinder
2022-08-13 21:46:11,344 [WARN] DbFile:40 - Overriding database path with different value: C:\Users\javie\.stmcufinder\plugins\mcufinder/ => C:\Users\javie\.stmcufinder\plugins\mcufinder
2022-08-13 21:46:11,344 [INFO] CrossReferenceDbSqlite:201 - Set database path to: C:\Users\javie\.stmcufinder\plugins\mcufinder//mcu/cs/
2022-08-13 21:46:11,439 [INFO] MainPanel:242 - HeapMemory: 358612992
2022-08-13 21:46:11,528 [INFO] DbMcusXml:77 - Set database path to: C:\ST\STM32CubeIDE_1.10.1\STM32CubeIDE\plugins\com.st.stm32cube.common.mx_6.6.1.202207061420\\db\/mcu/
2022-08-13 21:46:11,528 [INFO] ApiDb:269 - Set plugin database path to: C:\ST\STM32CubeIDE_1.10.1\STM32CubeIDE\plugins\com.st.stm32cube.common.mx_6.6.1.202207061420\\db\/plugins/boardmanager/
2022-08-13 21:46:11,529 [INFO] ApiDb:256 - Set plugin images path to: C:\ST\STM32CubeIDE_1.10.1\STM32CubeIDE\plugins\com.st.stm32cube.common.mx_6.6.1.202207061420\\db\/plugins/mcufinder/images/
2022-08-13 21:46:11,529 [WARN] DbFile:40 - Overriding database path with different value: C:\Users\javie\.stmcufinder\plugins\mcufinder/ => C:\Users\javie\.stmcufinder\plugins\mcufinder
2022-08-13 21:46:11,529 [INFO] ApiDb:249 - Set database path to: C:\Users\javie\.stmcufinder\plugins\mcufinder//mcu/
2022-08-13 21:46:11,529 [WARN] DbFile:40 - Overriding database path with different value: C:\Users\javie\.stmcufinder\plugins\mcufinder/ => C:\Users\javie\.stmcufinder\plugins\mcufinder
2022-08-13 21:46:11,529 [INFO] DbMcusAds:124 - Set database path to: C:\Users\javie\.stmcufinder\plugins\mcufinder//mcu/
2022-08-13 21:46:11,529 [WARN] DbFile:40 - Overriding database path with different value: C:\Users\javie\.stmcufinder\plugins\mcufinder/ => C:\Users\javie\.stmcufinder\plugins\mcufinder
2022-08-13 21:46:11,530 [WARN] DbFile:40 - Overriding database path with different value: C:\Users\javie\.stmcufinder\plugins\mcufinder/ => C:\Users\javie\.stmcufinder\plugins\mcufinder
2022-08-13 21:46:11,530 [INFO] CrossReferenceDbSqlite:201 - Set database path to: C:\Users\javie\.stmcufinder\plugins\mcufinder//mcu/cs/
2022-08-13 21:46:11,551 [INFO] ApplicationProperties:181 - Using Application install path: C:\ST\STM32CubeIDE_1.10.1\STM32CubeIDE\plugins\com.st.stm32cube.common.mx_6.6.1.202207061420
2022-08-13 21:46:11,553 [INFO] PluginManage:193 - Search for loadable plugins [exclusion list=, ]
2022-08-13 21:46:11,554 [INFO] PluginManage:307 - Check plugin analytics
2022-08-13 21:46:11,767 [INFO] AnalyticsPlugin:262 - Accepted Software Licenses: 
2022-08-13 21:46:11,768 [INFO] AnalyticsPlugin:264 - Accepted CMSIS Pack Licenses: 
2022-08-13 21:46:11,768 [INFO] AnalyticsPlugin:266 - Accepted Firmware Licenses: 
2022-08-13 21:46:11,777 [INFO] PluginManage:356 - Loaded plugin analytics (category:tool,tabindex:-1)
2022-08-13 21:46:11,778 [INFO] PluginManage:307 - Check plugin cadmodel
2022-08-13 21:46:11,781 [INFO] CADModel:65 - Init CAD model plugin
2022-08-13 21:46:11,782 [INFO] PluginManage:356 - Loaded plugin cadmodel (category:power,tabindex:5)
2022-08-13 21:46:11,782 [INFO] PluginManage:307 - Check plugin clock
2022-08-13 21:46:11,796 [INFO] PluginManage:356 - Loaded plugin clock (category:base,tabindex:2)
2022-08-13 21:46:11,796 [INFO] PluginManage:307 - Check plugin ddr
2022-08-13 21:46:11,799 [INFO] PluginManage:356 - Loaded plugin ddr (category:tool,tabindex:6)
2022-08-13 21:46:11,799 [INFO] PluginManage:307 - Check plugin filemanager
2022-08-13 21:46:11,967 [INFO] PluginManage:356 - Loaded plugin filemanager (category:base,tabindex:10)
2022-08-13 21:46:11,967 [INFO] PluginManage:307 - Check plugin ipmanager
2022-08-13 21:46:11,975 [INFO] PluginManage:356 - Loaded plugin ipmanager (category:base,tabindex:5)
2022-08-13 21:46:11,975 [INFO] PluginManage:307 - Check plugin lpbam
2022-08-13 21:46:11,984 [INFO] PluginManage:356 - Loaded plugin lpbam (category:base,tabindex:0)
2022-08-13 21:46:11,984 [INFO] PluginManage:307 - Check plugin pinoutandconfiguration
2022-08-13 21:46:11,991 [INFO] PluginManage:356 - Loaded plugin pinoutandconfiguration (category:base,tabindex:1)
2022-08-13 21:46:11,991 [INFO] PluginManage:307 - Check plugin pinoutconfig
2022-08-13 21:46:12,023 [INFO] PluginManage:356 - Loaded plugin pinoutconfig (category:base,tabindex:0)
2022-08-13 21:46:12,023 [INFO] PluginManage:307 - Check plugin power
2022-08-13 21:46:12,030 [INFO] PluginManage:356 - Loaded plugin power (category:power,tabindex:4)
2022-08-13 21:46:12,031 [INFO] PluginManage:307 - Check plugin projectmanager
2022-08-13 21:46:12,049 [INFO] PluginManage:356 - Loaded plugin projectmanager (category:projectmanager,tabindex:3)
2022-08-13 21:46:12,050 [INFO] PluginManage:307 - Check plugin thirdparty
2022-08-13 21:46:12,194 [WARN] IntegrityCheckThread:82 - waiting for thirdparty lock release [integrity check]
2022-08-13 21:46:12,195 [INFO] PluginManage:356 - Loaded plugin thirdparty (category:base,tabindex:-1)
2022-08-13 21:46:12,195 [INFO] IntegrityCheckThread:84 - entering critical section [integrity check]
2022-08-13 21:46:12,196 [INFO] PluginManage:307 - Check plugin tools
2022-08-13 21:46:12,200 [INFO] PluginManage:356 - Loaded plugin tools (category:base,tabindex:7)
2022-08-13 21:46:12,200 [INFO] ThirdPartyUpdaterWithRetryManager:70 - Updater plugin not ready yet. [1/15]
2022-08-13 21:46:12,200 [INFO] PluginManage:307 - Check plugin tutovideos
2022-08-13 21:46:12,427 [INFO] PluginManage:356 - Loaded plugin tutovideos (category:base,tabindex:-1)
2022-08-13 21:46:12,427 [INFO] PluginManage:307 - Check plugin updater
2022-08-13 21:46:12,446 [INFO] PluginManage:356 - Loaded plugin updater (category:base,tabindex:12)
2022-08-13 21:46:12,447 [INFO] PluginManage:280 - PluginManage : Loaded plugins [15]
2022-08-13 21:46:12,791 [INFO] PinOutPanel:1468 - setPackage(No Configuration,No Configuration)
2022-08-13 21:46:12,871 [INFO] CADModel:98 - CPN selected for project level
2022-08-13 21:46:12,888 [INFO] IPUIPlugin:79 - create IPUIPlugin
2022-08-13 21:46:12,889 [INFO] PluginManager:217 - loadIPPluginJar : add adc
2022-08-13 21:46:12,892 [INFO] IPUIPlugin:79 - create IPUIPlugin
2022-08-13 21:46:12,892 [INFO] PluginManager:217 - loadIPPluginJar : add aes
2022-08-13 21:46:12,895 [INFO] IPUIPlugin:79 - create IPUIPlugin
2022-08-13 21:46:12,895 [INFO] PluginManager:217 - loadIPPluginJar : add can
2022-08-13 21:46:12,897 [INFO] IPUIPlugin:79 - create IPUIPlugin
2022-08-13 21:46:12,897 [INFO] PluginManager:217 - loadIPPluginJar : add comp
2022-08-13 21:46:12,899 [INFO] IPUIPlugin:79 - create IPUIPlugin
2022-08-13 21:46:12,899 [INFO] PluginManager:217 - loadIPPluginJar : add cryp
2022-08-13 21:46:12,902 [INFO] IPUIPlugin:79 - create IPUIPlugin
2022-08-13 21:46:12,902 [INFO] PluginManager:217 - loadIPPluginJar : add dfsdm
2022-08-13 21:46:12,908 [INFO] IPUIPlugin:79 - create IPUIPlugin
2022-08-13 21:46:12,908 [INFO] PluginManager:217 - loadIPPluginJar : add dma
2022-08-13 21:46:12,911 [INFO] IPUIPlugin:79 - create IPUIPlugin
2022-08-13 21:46:12,911 [INFO] PluginManager:217 - loadIPPluginJar : add dma3
2022-08-13 21:46:12,912 [INFO] IPUIPlugin:79 - create IPUIPlugin
2022-08-13 21:46:12,912 [INFO] PluginManager:217 - loadIPPluginJar : add fatfs
2022-08-13 21:46:12,917 [INFO] IPUIPlugin:79 - create IPUIPlugin
2022-08-13 21:46:12,917 [INFO] PluginManager:217 - loadIPPluginJar : add fmc
2022-08-13 21:46:12,922 [INFO] IPUIPlugin:79 - create IPUIPlugin
2022-08-13 21:46:12,922 [INFO] PluginManager:217 - loadIPPluginJar : add freertos
2022-08-13 21:46:12,924 [INFO] IPUIPlugin:79 - create IPUIPlugin
2022-08-13 21:46:12,924 [INFO] PluginManager:217 - loadIPPluginJar : add genericplugin
2022-08-13 21:46:12,926 [INFO] IPUIPlugin:79 - create IPUIPlugin
2022-08-13 21:46:12,926 [INFO] PluginManager:217 - loadIPPluginJar : add gfxmmu
2022-08-13 21:46:12,930 [INFO] IPUIPlugin:79 - create IPUIPlugin
2022-08-13 21:46:12,930 [INFO] PluginManager:217 - loadIPPluginJar : add gic
2022-08-13 21:46:12,944 [INFO] IPUIPlugin:79 - create IPUIPlugin
2022-08-13 21:46:12,946 [INFO] PluginManager:217 - loadIPPluginJar : add gpio
2022-08-13 21:46:12,948 [INFO] IPUIPlugin:79 - create IPUIPlugin
2022-08-13 21:46:12,948 [INFO] PluginManager:217 - loadIPPluginJar : add gtzc
2022-08-13 21:46:12,950 [INFO] IPUIPlugin:79 - create IPUIPlugin
2022-08-13 21:46:12,951 [INFO] PluginManager:217 - loadIPPluginJar : add hash
2022-08-13 21:46:12,953 [INFO] IPUIPlugin:79 - create IPUIPlugin
2022-08-13 21:46:12,954 [INFO] PluginManager:217 - loadIPPluginJar : add i2c
2022-08-13 21:46:12,956 [INFO] IPUIPlugin:79 - create IPUIPlugin
2022-08-13 21:46:12,957 [INFO] PluginManager:217 - loadIPPluginJar : add i2s
2022-08-13 21:46:12,959 [INFO] IPUIPlugin:79 - create IPUIPlugin
2022-08-13 21:46:12,960 [INFO] PluginManager:217 - loadIPPluginJar : add ipddr
2022-08-13 21:46:12,966 [INFO] IPUIPlugin:79 - create IPUIPlugin
2022-08-13 21:46:12,966 [INFO] PluginManager:217 - loadIPPluginJar : add linkedlist
2022-08-13 21:46:12,969 [INFO] IPUIPlugin:79 - create IPUIPlugin
2022-08-13 21:46:12,969 [INFO] PluginManager:217 - loadIPPluginJar : add lorawan
2022-08-13 21:46:12,970 [INFO] IPUIPlugin:79 - create IPUIPlugin
2022-08-13 21:46:12,970 [INFO] PluginManager:217 - loadIPPluginJar : add ltdc
2022-08-13 21:46:12,976 [INFO] IPUIPlugin:79 - create IPUIPlugin
2022-08-13 21:46:12,977 [INFO] PluginManager:217 - loadIPPluginJar : add mdma
2022-08-13 21:46:12,980 [INFO] IPUIPlugin:79 - create IPUIPlugin
2022-08-13 21:46:12,980 [INFO] PluginManager:217 - loadIPPluginJar : add nvic
2022-08-13 21:46:12,983 [INFO] IPUIPlugin:79 - create IPUIPlugin
2022-08-13 21:46:12,983 [INFO] PluginManager:217 - loadIPPluginJar : add opamp
2022-08-13 21:46:12,986 [INFO] IPUIPlugin:79 - create IPUIPlugin
2022-08-13 21:46:12,986 [INFO] PluginManager:217 - loadIPPluginJar : add openamp
2022-08-13 21:46:12,989 [INFO] IPUIPlugin:79 - create IPUIPlugin
2022-08-13 21:46:12,989 [INFO] PluginManager:217 - loadIPPluginJar : add pdm2pcm
2022-08-13 21:46:12,994 [INFO] IPUIPlugin:79 - create IPUIPlugin
2022-08-13 21:46:12,998 [INFO] PluginManager:217 - loadIPPluginJar : add plateformsettings
2022-08-13 21:46:13,000 [INFO] IPUIPlugin:79 - create IPUIPlugin
2022-08-13 21:46:13,000 [INFO] PluginManager:217 - loadIPPluginJar : add quadspi
2022-08-13 21:46:13,004 [INFO] IPUIPlugin:79 - create IPUIPlugin
2022-08-13 21:46:13,004 [INFO] PluginManager:217 - loadIPPluginJar : add resmgrutility
2022-08-13 21:46:13,007 [INFO] IPUIPlugin:79 - create IPUIPlugin
2022-08-13 21:46:13,007 [INFO] PluginManager:217 - loadIPPluginJar : add sai
2022-08-13 21:46:13,009 [INFO] IPUIPlugin:79 - create IPUIPlugin
2022-08-13 21:46:13,009 [INFO] PluginManager:217 - loadIPPluginJar : add spi
2022-08-13 21:46:13,013 [INFO] IPUIPlugin:79 - create IPUIPlugin
2022-08-13 21:46:13,014 [INFO] PluginManager:217 - loadIPPluginJar : add stm32_wpan
2022-08-13 21:46:13,015 [INFO] IPUIPlugin:79 - create IPUIPlugin
2022-08-13 21:46:13,016 [INFO] PluginManager:217 - loadIPPluginJar : add tim
2022-08-13 21:46:13,018 [INFO] IPUIPlugin:79 - create IPUIPlugin
2022-08-13 21:46:13,018 [INFO] PluginManager:217 - loadIPPluginJar : add touchsensing
2022-08-13 21:46:13,020 [INFO] IPUIPlugin:79 - create IPUIPlugin
2022-08-13 21:46:13,020 [INFO] PluginManager:217 - loadIPPluginJar : add tracer_emb
2022-08-13 21:46:13,021 [INFO] IPUIPlugin:79 - create IPUIPlugin
2022-08-13 21:46:13,022 [INFO] PluginManager:217 - loadIPPluginJar : add ts
2022-08-13 21:46:13,023 [INFO] IPUIPlugin:79 - create IPUIPlugin
2022-08-13 21:46:13,023 [INFO] PluginManager:217 - loadIPPluginJar : add tsc
2022-08-13 21:46:13,025 [INFO] IPUIPlugin:79 - create IPUIPlugin
2022-08-13 21:46:13,025 [INFO] PluginManager:217 - loadIPPluginJar : add ucpd
2022-08-13 21:46:13,027 [INFO] IPUIPlugin:79 - create IPUIPlugin
2022-08-13 21:46:13,027 [INFO] PluginManager:217 - loadIPPluginJar : add usart
2022-08-13 21:46:13,030 [INFO] IPUIPlugin:79 - create IPUIPlugin
2022-08-13 21:46:13,031 [INFO] PluginManager:217 - loadIPPluginJar : add usbx
2022-08-13 21:46:13,348 [FATAL] Updater:301 - Updater called before beeing initialized
2022-08-13 21:46:13,481 [FATAL] Updater:301 - Updater called before beeing initialized
2022-08-13 21:46:13,497 [INFO] DbMcusAds:52 - JSON generation date=Thu Sep 30 07:55:09 BST 2021 (1632984909377)
2022-08-13 21:46:13,498 [FATAL] Updater:301 - Updater called before beeing initialized
2022-08-13 21:46:13,555 [WARN] DetailPanel:344 - Failed to get advertising image, set to default
2022-08-13 21:46:13,760 [FATAL] Updater:301 - Updater called before beeing initialized
2022-08-13 21:46:13,763 [FATAL] Updater:301 - Updater called before beeing initialized
2022-08-13 21:46:13,763 [FATAL] Updater:301 - Updater called before beeing initialized
2022-08-13 21:46:13,764 [WARN] DetailPanel:344 - Failed to get advertising image, set to default
2022-08-13 21:46:13,765 [FATAL] Updater:301 - Updater called before beeing initialized
2022-08-13 21:46:13,861 [ERROR] Updater:1105 - MainUpdater not yet initialized. External WinMGr cannot be set.
2022-08-13 21:46:13,865 [INFO] Updater:1041 - Updater Version found : 6.6.1
2022-08-13 21:46:13,889 [INFO] ApplicationProperties:181 - Using Application install path: C:\ST\STM32CubeIDE_1.10.1\STM32CubeIDE\plugins\com.st.stm32cube.common.mx_6.6.1.202207061420
2022-08-13 21:46:14,133 [INFO] MainUpdater:2768 - connection check result : 10
2022-08-13 21:46:14,134 [INFO] MainUpdater:280 - Updater Check For Update Now.
2022-08-13 21:46:14,134 [INFO] MicroXplorer:481 - Change Database Version : DB.6.0.60
2022-08-13 21:46:14,319 [INFO] CheckServerUpdateThread:119 - End of CheckServer Thread
2022-08-13 21:46:14,345 [INFO] MainUpdater:2768 - connection check result : 10
2022-08-13 21:46:15,089 [INFO] McuFinderGlobals:57 - Set McuFinderConnectedMode to true
2022-08-13 21:46:15,141 [INFO] MultiScanPanel:195 - Auto-refresh data requested => check proxy status ongoing
2022-08-13 21:46:15,149 [INFO] FinderPluginLoader:92 - Searching for filters in installed packs
2022-08-13 21:46:15,318 [INFO] ApiDb:576 - Connected to CubeFinder SQLite database (C:\Users\javie\.stmcufinder\plugins\mcufinder\mcu\cube-finder-db.db)
2022-08-13 21:46:15,372 [INFO] ApiDb:663 - CubeFinder database Data Model version=2.1
2022-08-13 21:46:15,373 [INFO] ApiDb:664 - CubeFinder database Configuration version=3.0.32
2022-08-13 21:46:15,373 [INFO] ApiDb:665 - CubeFinder database generation date=2022-08-05 (1659688109)
2022-08-13 21:46:15,374 [INFO] ApiDb:666 - CubeFinder database FW Pack versions=[STM32Cube_FW_C0_V1.0.0, STM32Cube_FW_F4_V1.27.1, STM32Cube_FW_F7_V1.17.0, STM32Cube_FW_G0_V1.6.1, STM32Cube_FW_G4_V1.5.0, STM32Cube_FW_H7_V1.10.0, STM32Cube_FW_L5_V1.4.0, STM32Cube_FW_U5_V1.1.1, STM32Cube_FW_WB_V1.14.1, STM32Cube_FW_WL_V1.2.0, X-CUBE-ALGOBUILD_V1.3.0, X-CUBE-ALS_V1.0.1, X-CUBE-AZRTOS-F4_V1.1.0, X-CUBE-AZRTOS-F7_V1.1.0, X-CUBE-AZRTOS-G0_V1.1.0, X-CUBE-AZRTOS-G4_V1.0.0, X-CUBE-AZRTOS-H7_V2.1.0, X-CUBE-AZRTOS-L4_V1.0.0, X-CUBE-AZRTOS-L5_V1.0.0, X-CUBE-AZRTOS-WL_V1.0.0, X-CUBE-BLE1_V6.2.3, X-CUBE-BLE2_V3.3.0, X-CUBE-EEPRMA1_V3.1.1, X-CUBE-GNSS1_V6.0.0, X-CUBE-MEMS1_V9.1.0, X-CUBE-MEMS1_V9.3.0, X-CUBE-NFC4_V2.0.4, X-CUBE-NFC7_V1.0.0, X-CUBE-SFXS2LP1_V4.0.0, X-CUBE-SUBG2_V5.0.0]
2022-08-13 21:46:15,494 [WARN] PackLoader:242 - Cannot read IP mode file for STMicroelectronics.X-CUBE-GNSS1.6.0.0
2022-08-13 21:46:15,563 [WARN] PackLoader:242 - Cannot read IP mode file for STMicroelectronics.X-CUBE-AZRTOS-F4.1.1.0
2022-08-13 21:46:15,624 [WARN] PackLoader:242 - Cannot read IP mode file for STMicroelectronics.X-CUBE-AZRTOS-F7.1.1.0
2022-08-13 21:46:15,654 [WARN] PackLoader:242 - Cannot read IP mode file for STMicroelectronics.X-CUBE-BLE1.6.2.3
2022-08-13 21:46:15,682 [WARN] PackLoader:242 - Cannot read IP mode file for STMicroelectronics.X-CUBE-NFC4.2.0.4
2022-08-13 21:46:15,727 [WARN] PackLoader:242 - Cannot read IP mode file for STMicroelectronics.X-CUBE-TOF1.3.1.0
2022-08-13 21:46:15,768 [WARN] PackLoader:242 - Cannot read IP mode file for STMicroelectronics.X-CUBE-NFC7.1.0.0
2022-08-13 21:46:15,902 [WARN] PackLoader:242 - Cannot read IP mode file for STMicroelectronics.X-CUBE-MEMS1.9.3.0
2022-08-13 21:46:16,223 [WARN] PackLoader:242 - Cannot read IP mode file for STMicroelectronics.X-CUBE-AI.7.2.0
2022-08-13 21:46:16,244 [WARN] PackLoader:242 - Cannot read IP mode file for STMicroelectronics.X-CUBE-SFXS2LP1.4.0.0
2022-08-13 21:46:16,262 [WARN] PackLoader:242 - Cannot read IP mode file for STMicroelectronics.X-CUBE-BLE2.3.3.0
2022-08-13 21:46:16,285 [WARN] PackLoader:242 - Cannot read IP mode file for STMicroelectronics.X-CUBE-DISPLAY.2.2.0
2022-08-13 21:46:16,309 [WARN] PackLoader:242 - Cannot read IP mode file for STMicroelectronics.X-CUBE-ISPU.1.0.0
2022-08-13 21:46:16,327 [WARN] PackLoader:242 - Cannot read IP mode file for RoweBots.I-CUBE-UNISONRTOS.5.5.0-4
2022-08-13 21:46:16,379 [WARN] PackLoader:242 - Cannot read IP mode file for STMicroelectronics.X-CUBE-AZRTOS-H7.2.1.0
2022-08-13 21:46:16,399 [WARN] PackLoader:242 - Cannot read IP mode file for wolfSSL.I-CUBE-wolfSSL.5.4.0
2022-08-13 21:46:16,419 [WARN] PackLoader:242 - Cannot read IP mode file for STMicroelectronics.X-CUBE-BLEMGR.1.0.0
2022-08-13 21:46:16,433 [WARN] PackLoader:242 - Cannot read IP mode file for STMicroelectronics.X-CUBE-ALGOBUILD.1.3.0
2022-08-13 21:46:16,467 [WARN] PackLoader:242 - Cannot read IP mode file for STMicroelectronics.X-CUBE-AZRTOS-G0.1.1.0
2022-08-13 21:46:16,500 [WARN] PackLoader:242 - Cannot read IP mode file for STMicroelectronics.X-CUBE-SUBG2.5.0.0
2022-08-13 21:46:16,583 [WARN] PackLoader:242 - Cannot read IP mode file for SEGGER.I-CUBE-embOS.1.2.0
2022-08-13 21:46:16,684 [WARN] PackLoader:242 - Cannot read IP mode file for STMicroelectronics.FP-ATR-ASTRA1.1.1.0
2022-08-13 21:46:16,730 [WARN] PackLoader:242 - Cannot read IP mode file for STMicroelectronics.X-CUBE-AZRTOS-G4.1.0.0
2022-08-13 21:46:16,780 [WARN] PackLoader:242 - Cannot read IP mode file for STMicroelectronics.X-CUBE-AZRTOS-L4.1.0.0
2022-08-13 21:46:16,805 [WARN] PackLoader:242 - Cannot read IP mode file for emotas.I-CUBE-CANOPEN.1.1.2
2022-08-13 21:46:16,825 [WARN] PackLoader:242 - Cannot read IP mode file for STMicroelectronics.X-CUBE-TOUCHGFX.4.20.0
2022-08-13 21:46:16,863 [WARN] PackLoader:242 - Cannot read IP mode file for STMicroelectronics.X-CUBE-AZRTOS-WL.1.0.0
2022-08-13 21:46:16,888 [WARN] PackLoader:242 - Cannot read IP mode file for portGmbH.I-Cube-SoM-uGOAL.1.1.0
2022-08-13 21:46:16,904 [WARN] PackLoader:242 - Cannot read IP mode file for STMicroelectronics.X-CUBE-ALS.1.0.1
2022-08-13 21:46:16,940 [WARN] PackLoader:242 - Cannot read IP mode file for STMicroelectronics.X-CUBE-AZRTOS-L5.1.0.0
2022-08-13 21:46:16,961 [WARN] PackLoader:242 - Cannot read IP mode file for STMicroelectronics.X-CUBE-EEPRMA1.3.1.1
2022-08-13 21:46:16,963 [INFO] ThirdParty:929 - Integrity check success = true
2022-08-13 21:46:16,964 [INFO] IntegrityCheckThread:98 - exiting critical section [integrity check]
2022-08-13 21:46:16,964 [INFO] IntegrityCheckThread:101 - End integrity checks thread
2022-08-13 21:46:18,106 [INFO] ApiDb:239 - Found 138 in-development CPN: [B-WB1M-WPAN1, NUCLEO-C031C6, STEVAL-STWINBX1, STM320518-EVAL, STM32C0116-DK, STM32C011D6Y3TR, STM32C011D6Y6TR, STM32C011F4P3, STM32C011F4P6, STM32C011F4U3, STM32C011F4U6TR, STM32C011F6P3, STM32C011F6P6, STM32C011F6U3, STM32C011F6U6TR, STM32C011J4M3, STM32C011J4M6, STM32C011J6M3, STM32C011J6M6, STM32C0316-DK, STM32C031C4T3, STM32C031C4T6, STM32C031C4U3, STM32C031C4U6, STM32C031C6T3, STM32C031C6T6, STM32C031C6U3, STM32C031C6U6, STM32C031F4P3, STM32C031F4P6, STM32C031F6P3, STM32C031F6P6, STM32C031G4U3, STM32C031G4U6, STM32C031G6U3, STM32C031G6U6, STM32C031K4T3, STM32C031K4T6, STM32C031K4U3, STM32C031K4U6, STM32C031K6T3, STM32C031K6T6, STM32C031K6U3, STM32C031K6U6, STM32G071K8TXN, STM32G071K8UXN, STM32G081GBU6N, STM32G081KBT6N, STM32G081KBUXN, STM32G0B1CCT6N, STM32G0B1KCT6, STM32G0B1NEY6TR, STM32G0B1RCT6N, STM32G0C1CCT6, STM32G0C1CCT6N, STM32G0C1CCU6N, STM32G0C1CET6N, STM32G0C1CEU6N, STM32G0C1KCT6, STM32G0C1NEY6TR, STM32G0C1RCI6N, STM32G0C1RCT6N, STM32G0C1REI6N, STM32G0C1RET6N, STM32G0C1VCI6, STM32G0C1VEI6, STM32G471CCT6, STM32G471CCU6, STM32G471CET3, STM32G471CET6, STM32G471CEU3, STM32G471CEU6, STM32G471MCT6, STM32G471MET3, STM32G471MET6, STM32G471MEY6TR, STM32G471QCT6, STM32G471QET3, STM32G471RCT6, STM32G471RET3, STM32G471RET6, STM32G471VCH6, STM32G471VCI6, STM32G471VCT6, STM32G471VEH3, STM32G471VEH6, STM32G471VEI3, STM32G471VEI6, STM32G471VET3, STM32G471VET6, STM32G474CCT6, STM32L476VGY6PTR, STM32L4R5QGI6STR, STM32MP131AAE3, STM32MP131AAF3, STM32MP131AAG3, STM32MP131CAE3, STM32MP131CAF3, STM32MP131CAG3, STM32MP131DAE7, STM32MP131DAF7, STM32MP131DAG7, STM32MP131FAE7, STM32MP131FAF7, STM32MP131FAG7, STM32MP133AAE3, STM32MP133AAF3, STM32MP133AAG3, STM32MP133CAE3, STM32MP133CAF3, STM32MP133CAG3, STM32MP133DAE7, STM32MP133DAF7, STM32MP133DAG7, STM32MP133FAE7, STM32MP133FAF7, STM32MP133FAG7, STM32MP135AAE3, STM32MP135AAF3, STM32MP135AAG3, STM32MP135CAE3, STM32MP135CAF3, STM32MP135CAG3, STM32MP135DAE7, STM32MP135DAF7, STM32MP135DAG7, STM32MP135F-DK, STM32MP135FAE7, STM32MP135FAF7, STM32MP135FAG7, STM32U595ZJT6Q, STM32U599BJY6QTR, STM32U599NIH6Q, STM32U599NJH6Q, STM32U5A5ZJT6Q, STM32U5A9BJY6QTR, STM32U5A9NJH6Q, STM32WB1MMCH6]
2022-08-13 21:46:18,113 [INFO] DbMcus:215 - Found 3542 MCUs, 3542 are supported
2022-08-13 21:46:18,116 [INFO] ApiDb:409 - User favorites file not found: C:\Users\javie/.stm32cubeide/favorites.mcus.txt
2022-08-13 21:46:18,116 [INFO] DbMcus:221 - Set 0 / 0 favorites MCUs
2022-08-13 21:46:19,816 [INFO] LoadUrlFilesThread:177 - End of LoadServerUrlFiles without Thread
2022-08-13 21:46:19,844 [INFO] DetailPanel:339 - Set advertising image to C:/Users/javie/STM32Cube/Repository/\en.Prom_NBSTM32U50921.jpg
2022-08-13 21:46:21,133 [INFO] MultiScanPanel:778 - Auto Refresh Data is not needed
2022-08-13 21:46:21,148 [INFO] ApiDb:663 - CubeFinder database Data Model version=2.1
2022-08-13 21:46:21,149 [INFO] ApiDb:664 - CubeFinder database Configuration version=3.0.32
2022-08-13 21:46:21,149 [INFO] ApiDb:665 - CubeFinder database generation date=2022-08-05 (1659688109)
2022-08-13 21:46:21,149 [INFO] ApiDb:666 - CubeFinder database FW Pack versions=[STM32Cube_FW_C0_V1.0.0, STM32Cube_FW_F4_V1.27.1, STM32Cube_FW_F7_V1.17.0, STM32Cube_FW_G0_V1.6.1, STM32Cube_FW_G4_V1.5.0, STM32Cube_FW_H7_V1.10.0, STM32Cube_FW_L5_V1.4.0, STM32Cube_FW_U5_V1.1.1, STM32Cube_FW_WB_V1.14.1, STM32Cube_FW_WL_V1.2.0, X-CUBE-ALGOBUILD_V1.3.0, X-CUBE-ALS_V1.0.1, X-CUBE-AZRTOS-F4_V1.1.0, X-CUBE-AZRTOS-F7_V1.1.0, X-CUBE-AZRTOS-G0_V1.1.0, X-CUBE-AZRTOS-G4_V1.0.0, X-CUBE-AZRTOS-H7_V2.1.0, X-CUBE-AZRTOS-L4_V1.0.0, X-CUBE-AZRTOS-L5_V1.0.0, X-CUBE-AZRTOS-WL_V1.0.0, X-CUBE-BLE1_V6.2.3, X-CUBE-BLE2_V3.3.0, X-CUBE-EEPRMA1_V3.1.1, X-CUBE-GNSS1_V6.0.0, X-CUBE-MEMS1_V9.1.0, X-CUBE-MEMS1_V9.3.0, X-CUBE-NFC4_V2.0.4, X-CUBE-NFC7_V1.0.0, X-CUBE-SFXS2LP1_V4.0.0, X-CUBE-SUBG2_V5.0.0]
2022-08-13 21:46:21,249 [INFO] DbBoardsSqlite:227 - include board P-NUCLEO-WB55-NUCLEO as a kit item of type 'Nucleo-64'
2022-08-13 21:46:21,249 [INFO] DbBoardsSqlite:227 - include board P-NUCLEO-WB55-USBDONGLE as a kit item of type 'Nucleo USB Dongle'
2022-08-13 21:46:21,250 [INFO] DbBoardsSqlite:227 - include board STEVAL-IDP005V1 as a kit item of type 'Evaluation Board'
2022-08-13 21:46:21,250 [INFO] DbBoardsSqlite:227 - include board STEVAL-IDP005V2 as a kit item of type 'Evaluation Board'
2022-08-13 21:46:21,262 [INFO] ApiDb:239 - Found 138 in-development CPN: [B-WB1M-WPAN1, NUCLEO-C031C6, STEVAL-STWINBX1, STM320518-EVAL, STM32C0116-DK, STM32C011D6Y3TR, STM32C011D6Y6TR, STM32C011F4P3, STM32C011F4P6, STM32C011F4U3, STM32C011F4U6TR, STM32C011F6P3, STM32C011F6P6, STM32C011F6U3, STM32C011F6U6TR, STM32C011J4M3, STM32C011J4M6, STM32C011J6M3, STM32C011J6M6, STM32C0316-DK, STM32C031C4T3, STM32C031C4T6, STM32C031C4U3, STM32C031C4U6, STM32C031C6T3, STM32C031C6T6, STM32C031C6U3, STM32C031C6U6, STM32C031F4P3, STM32C031F4P6, STM32C031F6P3, STM32C031F6P6, STM32C031G4U3, STM32C031G4U6, STM32C031G6U3, STM32C031G6U6, STM32C031K4T3, STM32C031K4T6, STM32C031K4U3, STM32C031K4U6, STM32C031K6T3, STM32C031K6T6, STM32C031K6U3, STM32C031K6U6, STM32G071K8TXN, STM32G071K8UXN, STM32G081GBU6N, STM32G081KBT6N, STM32G081KBUXN, STM32G0B1CCT6N, STM32G0B1KCT6, STM32G0B1NEY6TR, STM32G0B1RCT6N, STM32G0C1CCT6, STM32G0C1CCT6N, STM32G0C1CCU6N, STM32G0C1CET6N, STM32G0C1CEU6N, STM32G0C1KCT6, STM32G0C1NEY6TR, STM32G0C1RCI6N, STM32G0C1RCT6N, STM32G0C1REI6N, STM32G0C1RET6N, STM32G0C1VCI6, STM32G0C1VEI6, STM32G471CCT6, STM32G471CCU6, STM32G471CET3, STM32G471CET6, STM32G471CEU3, STM32G471CEU6, STM32G471MCT6, STM32G471MET3, STM32G471MET6, STM32G471MEY6TR, STM32G471QCT6, STM32G471QET3, STM32G471RCT6, STM32G471RET3, STM32G471RET6, STM32G471VCH6, STM32G471VCI6, STM32G471VCT6, STM32G471VEH3, STM32G471VEH6, STM32G471VEI3, STM32G471VEI6, STM32G471VET3, STM32G471VET6, STM32G474CCT6, STM32L476VGY6PTR, STM32L4R5QGI6STR, STM32MP131AAE3, STM32MP131AAF3, STM32MP131AAG3, STM32MP131CAE3, STM32MP131CAF3, STM32MP131CAG3, STM32MP131DAE7, STM32MP131DAF7, STM32MP131DAG7, STM32MP131FAE7, STM32MP131FAF7, STM32MP131FAG7, STM32MP133AAE3, STM32MP133AAF3, STM32MP133AAG3, STM32MP133CAE3, STM32MP133CAF3, STM32MP133CAG3, STM32MP133DAE7, STM32MP133DAF7, STM32MP133DAG7, STM32MP133FAE7, STM32MP133FAF7, STM32MP133FAG7, STM32MP135AAE3, STM32MP135AAF3, STM32MP135AAG3, STM32MP135CAE3, STM32MP135CAF3, STM32MP135CAG3, STM32MP135DAE7, STM32MP135DAF7, STM32MP135DAG7, STM32MP135F-DK, STM32MP135FAE7, STM32MP135FAF7, STM32MP135FAG7, STM32U595ZJT6Q, STM32U599BJY6QTR, STM32U599NIH6Q, STM32U599NJH6Q, STM32U5A5ZJT6Q, STM32U5A9BJY6QTR, STM32U5A9NJH6Q, STM32WB1MMCH6]
2022-08-13 21:46:21,399 [INFO] BoardInfo:879 - No configuration file found for board P-NUCLEO-WB55
2022-08-13 21:46:21,399 [INFO] DbBoards:156 - Kit is not supported: P-NUCLEO-WB55
2022-08-13 21:46:21,405 [INFO] BoardInfo:879 - No configuration file found for board STEVAL-BFA001V1B
2022-08-13 21:46:21,406 [INFO] DbBoards:156 - Kit is not supported: STEVAL-BFA001V1B
2022-08-13 21:46:21,407 [INFO] BoardInfo:879 - No configuration file found for board STEVAL-BFA001V2B
2022-08-13 21:46:21,407 [INFO] DbBoards:156 - Kit is not supported: STEVAL-BFA001V2B
2022-08-13 21:46:21,558 [INFO] DbBoards:160 - Found 176 boards, 173 are supported
2022-08-13 21:46:21,564 [INFO] ApiDb:409 - User favorites file not found: C:\Users\javie/.stm32cubeide/favorites.boards.txt
2022-08-13 21:46:21,564 [INFO] DbBoards:189 - Set 0 / 0 favorites Boards
2022-08-13 21:47:26,502 [INFO] MultiScanPanel:195 - Auto-refresh data requested => check proxy status ongoing
2022-08-13 21:47:26,621 [INFO] LoadUrlFilesThread:177 - End of LoadServerUrlFiles without Thread
2022-08-13 21:47:26,621 [INFO] DetailPanel:339 - Set advertising image to C:/Users/javie/STM32Cube/Repository/\en.Prom_NBSTM32U50921.jpg
2022-08-13 21:47:26,631 [INFO] DbBoards:628 - Loading board mini-images...
2022-08-13 21:47:26,760 [ERROR] DbBoards:648 - No image file defined for board B-WB1M-WPAN1
2022-08-13 21:47:26,761 [ERROR] DbBoards:648 - No image file defined for board NUCLEO-C031C6
2022-08-13 21:47:27,651 [ERROR] DbBoards:648 - No image file defined for board STEVAL-STWINBX1
2022-08-13 21:47:27,691 [ERROR] DbBoards:648 - No image file defined for board STM32091C-EVAL
2022-08-13 21:47:27,691 [ERROR] DbBoards:648 - No image file defined for board STM32100E-EVAL
2022-08-13 21:47:27,691 [ERROR] DbBoards:648 - No image file defined for board STM3210C-EVAL
2022-08-13 21:47:27,700 [ERROR] DbBoards:648 - No image file defined for board STM3221G-EVAL
2022-08-13 21:47:27,700 [ERROR] DbBoards:648 - No image file defined for board STM32303C-EVAL
2022-08-13 21:47:27,780 [ERROR] DbBoards:648 - No image file defined for board STM32479I-EVAL
2022-08-13 21:47:27,780 [ERROR] DbBoards:648 - No image file defined for board STM32746G-EVAL2
2022-08-13 21:47:27,786 [ERROR] DbBoards:648 - No image file defined for board STM32C0116-DK
2022-08-13 21:47:27,786 [ERROR] DbBoards:648 - No image file defined for board STM32C0316-DK
2022-08-13 21:47:27,812 [ERROR] DbBoards:648 - No image file defined for board STM32F401C-DISCO
2022-08-13 21:47:27,856 [ERROR] DbBoards:648 - No image file defined for board STM32F7308-DK
2022-08-13 21:47:27,890 [ERROR] DbBoards:648 - No image file defined for board STM32F779I-EVAL
2022-08-13 21:47:28,033 [ERROR] DbBoards:648 - No image file defined for board STM32H747I-EVAL
2022-08-13 21:47:28,074 [ERROR] DbBoards:648 - No image file defined for board STM32L-DISCOVERY
2022-08-13 21:47:28,102 [ERROR] DbBoards:648 - No image file defined for board STM32L152D-EVAL
2022-08-13 21:47:28,216 [ERROR] DbBoards:648 - No image file defined for board STM32MP135F-DK
2022-08-13 21:47:28,361 [INFO] DbBoards:651 - Loaded 157 board mini-images
2022-08-13 21:47:28,411 [INFO] MultiScanPanel:778 - Auto Refresh Data is not needed
2022-08-13 21:47:37,478 [INFO] BoardResultTable:716 - Mark Board NUCLEO-F103RB as favorite
2022-08-13 21:47:43,139 [INFO] MultiScanPanel:195 - Auto-refresh data requested => check proxy status ongoing
2022-08-13 21:47:43,142 [INFO] ApiDb:663 - CubeFinder database Data Model version=2.1
2022-08-13 21:47:43,142 [INFO] ApiDb:664 - CubeFinder database Configuration version=3.0.32
2022-08-13 21:47:43,142 [INFO] ApiDb:665 - CubeFinder database generation date=2022-08-05 (1659688109)
2022-08-13 21:47:43,143 [INFO] ApiDb:666 - CubeFinder database FW Pack versions=[STM32Cube_FW_C0_V1.0.0, STM32Cube_FW_F4_V1.27.1, STM32Cube_FW_F7_V1.17.0, STM32Cube_FW_G0_V1.6.1, STM32Cube_FW_G4_V1.5.0, STM32Cube_FW_H7_V1.10.0, STM32Cube_FW_L5_V1.4.0, STM32Cube_FW_U5_V1.1.1, STM32Cube_FW_WB_V1.14.1, STM32Cube_FW_WL_V1.2.0, X-CUBE-ALGOBUILD_V1.3.0, X-CUBE-ALS_V1.0.1, X-CUBE-AZRTOS-F4_V1.1.0, X-CUBE-AZRTOS-F7_V1.1.0, X-CUBE-AZRTOS-G0_V1.1.0, X-CUBE-AZRTOS-G4_V1.0.0, X-CUBE-AZRTOS-H7_V2.1.0, X-CUBE-AZRTOS-L4_V1.0.0, X-CUBE-AZRTOS-L5_V1.0.0, X-CUBE-AZRTOS-WL_V1.0.0, X-CUBE-BLE1_V6.2.3, X-CUBE-BLE2_V3.3.0, X-CUBE-EEPRMA1_V3.1.1, X-CUBE-GNSS1_V6.0.0, X-CUBE-MEMS1_V9.1.0, X-CUBE-MEMS1_V9.3.0, X-CUBE-NFC4_V2.0.4, X-CUBE-NFC7_V1.0.0, X-CUBE-SFXS2LP1_V4.0.0, X-CUBE-SUBG2_V5.0.0]
2022-08-13 21:47:43,794 [INFO] DbExamplesSqlite:374 - Ignored 31 examples not supported by CubeIDE
2022-08-13 21:47:43,794 [INFO] DbExamplesSqlite:375 - Found 6197 examples active
2022-08-13 21:47:43,794 [INFO] DbExamplesSqlite:376 - Found 89 examples obsolete
2022-08-13 21:47:43,795 [INFO] DbExamplesSqlite:377 - Found 0 examples under development
2022-08-13 21:47:43,795 [INFO] DbExamplesSqlite:378 - Found 76 examples not building
2022-08-13 21:47:43,796 [INFO] DbExamples:124 - Found 6242 examples
2022-08-13 21:47:43,803 [INFO] DbExamples:221 - Found 77 boards with related examples
2022-08-13 21:47:43,804 [INFO] DbExamples:234 - Found 64 MCUs with related examples
2022-08-13 21:47:43,819 [INFO] ApiDb:409 - User favorites file not found: C:\Users\javie/.stm32cubeide/favorites.examples.txt
2022-08-13 21:47:43,819 [INFO] DbExamples:249 - Set 0 / 0 favorites Examples
2022-08-13 21:47:44,430 [INFO] SoftwarePacks:126 - Download is needed for SW pack 'STM32Cube_FW_C0_V1.0.0'
2022-08-13 21:47:44,434 [INFO] SoftwarePacks:126 - Download is needed for SW pack 'STM32Cube_FW_F4_V1.27.1'
2022-08-13 21:47:44,438 [INFO] SoftwarePacks:126 - Download is needed for SW pack 'STM32Cube_FW_F7_V1.17.0'
2022-08-13 21:47:44,443 [INFO] SoftwarePacks:126 - Download is needed for SW pack 'STM32Cube_FW_G0_V1.6.1'
2022-08-13 21:47:44,447 [INFO] SoftwarePacks:126 - Download is needed for SW pack 'STM32Cube_FW_G4_V1.5.0'
2022-08-13 21:47:44,450 [INFO] SoftwarePacks:126 - Download is needed for SW pack 'STM32Cube_FW_H7_V1.10.0'
2022-08-13 21:47:44,453 [INFO] SoftwarePacks:126 - Download is needed for SW pack 'STM32Cube_FW_L5_V1.4.0'
2022-08-13 21:47:44,456 [INFO] SoftwarePacks:126 - Download is needed for SW pack 'STM32Cube_FW_U5_V1.1.1'
2022-08-13 21:47:44,459 [INFO] SoftwarePacks:126 - Download is needed for SW pack 'STM32Cube_FW_WB_V1.14.1'
2022-08-13 21:47:44,463 [INFO] SoftwarePacks:126 - Download is needed for SW pack 'STM32Cube_FW_WL_V1.2.0'
2022-08-13 21:47:44,463 [INFO] SoftwarePacks:126 - Download is needed for SW pack 'X-CUBE-ALGOBUILD_V1.3.0'
2022-08-13 21:47:44,464 [INFO] SoftwarePacks:126 - Download is needed for SW pack 'X-CUBE-ALS_V1.0.1'
2022-08-13 21:47:44,464 [INFO] SoftwarePacks:126 - Download is needed for SW pack 'X-CUBE-AZRTOS-F4_V1.1.0'
2022-08-13 21:47:44,464 [INFO] SoftwarePacks:126 - Download is needed for SW pack 'X-CUBE-AZRTOS-F7_V1.1.0'
2022-08-13 21:47:44,464 [INFO] SoftwarePacks:126 - Download is needed for SW pack 'X-CUBE-AZRTOS-G0_V1.1.0'
2022-08-13 21:47:44,464 [INFO] SoftwarePacks:126 - Download is needed for SW pack 'X-CUBE-AZRTOS-G4_V1.0.0'
2022-08-13 21:47:44,464 [INFO] SoftwarePacks:126 - Download is needed for SW pack 'X-CUBE-AZRTOS-H7_V2.1.0'
2022-08-13 21:47:44,464 [INFO] SoftwarePacks:126 - Download is needed for SW pack 'X-CUBE-AZRTOS-L4_V1.0.0'
2022-08-13 21:47:44,465 [INFO] SoftwarePacks:126 - Download is needed for SW pack 'X-CUBE-AZRTOS-L5_V1.0.0'
2022-08-13 21:47:44,465 [INFO] SoftwarePacks:126 - Download is needed for SW pack 'X-CUBE-AZRTOS-WL_V1.0.0'
2022-08-13 21:47:44,465 [INFO] SoftwarePacks:126 - Download is needed for SW pack 'X-CUBE-BLE1_V6.2.3'
2022-08-13 21:47:44,465 [INFO] SoftwarePacks:126 - Download is needed for SW pack 'X-CUBE-BLE2_V3.3.0'
2022-08-13 21:47:44,465 [INFO] SoftwarePacks:126 - Download is needed for SW pack 'X-CUBE-EEPRMA1_V3.1.1'
2022-08-13 21:47:44,465 [INFO] SoftwarePacks:126 - Download is needed for SW pack 'X-CUBE-GNSS1_V6.0.0'
2022-08-13 21:47:44,465 [INFO] SoftwarePacks:126 - Download is needed for SW pack 'X-CUBE-MEMS1_V9.3.0'
2022-08-13 21:47:44,465 [INFO] SoftwarePacks:126 - Download is needed for SW pack 'X-CUBE-NFC4_V2.0.4'
2022-08-13 21:47:44,466 [INFO] SoftwarePacks:126 - Download is needed for SW pack 'X-CUBE-NFC7_V1.0.0'
2022-08-13 21:47:44,466 [INFO] SoftwarePacks:126 - Download is needed for SW pack 'X-CUBE-SFXS2LP1_V4.0.0'
2022-08-13 21:47:44,466 [INFO] SoftwarePacks:126 - Download is needed for SW pack 'X-CUBE-SUBG2_V5.0.0'
2022-08-13 21:47:45,775 [INFO] LoadUrlFilesThread:177 - End of LoadServerUrlFiles without Thread
2022-08-13 21:47:45,775 [INFO] DetailPanel:339 - Set advertising image to C:/Users/javie/STM32Cube/Repository/\en.Prom_NBSTM32U50921.jpg
2022-08-13 21:47:47,672 [INFO] MultiScanPanel:778 - Auto Refresh Data is not needed
2022-08-13 21:50:05,748 [INFO] MetaSearchPanel:323 - Expand all filters sections
2022-08-13 21:50:23,705 [INFO] ServerAccessManage:474 - Download File DB2196.pdf
2022-08-13 21:50:23,921 [ERROR] ServerAccessManage:652 - Cannot save downloaded File : DB2196.pdf.
2022-08-13 21:50:31,741 [INFO] LoadUrlFilesThread:150 - End of LoadUrlFiles Thread
2022-08-13 21:50:31,743 [INFO] BoardAction:139 - Datasheet
2022-08-13 21:50:34,148 [INFO] BoardAction:139 - Datasheet
2022-08-13 21:51:40,338 [INFO] MainUpdater:2768 - connection check result : 10
2022-08-13 21:51:40,338 [INFO] MainUpdater:2768 - connection check result : 10
2022-08-13 21:51:40,369 [INFO] MicroXplorer:451 - Change Database Path : 
2022-08-13 21:51:40,370 [INFO] MicroXplorer:481 - Change Database Version : DB.6.0.60
2022-08-13 21:51:40,370 [WARN] ThirdParty:827 - waiting for thirdparty lock release [close project]
2022-08-13 21:51:40,370 [INFO] ThirdParty:829 - entering critical section [close project]
2022-08-13 21:51:40,372 [INFO] ThirdParty:839 - exiting critical section [close project]
2022-08-13 21:51:40,378 [INFO] PinOutPanel:1468 - setPackage(No Configuration,No Configuration)
2022-08-13 21:51:40,386 [INFO] UtilMem:74 - Begin LoadConfig() Used Memory: 838035048 Bytes (1058013184)
2022-08-13 21:51:40,386 [INFO] OpenFileManager:307 - Change cursor
2022-08-13 21:51:40,433 [INFO] ProjectFactory:399 - No CPN specified for board NUCLEO-F103RB => set CPN to STM32F103RBT6
2022-08-13 21:51:40,434 [INFO] Mcu:1922 - Initializing MCU STM32F103R(8-B)Tx STM32F103RBTx STM32F103RBT6
2022-08-13 21:51:41,439 [INFO] Context:654 - Trying to add GPIOservice into a context  which must be forbidden
2022-08-13 21:51:41,692 [INFO] Rule:225 - rule 117617 - U5Cobra4M][GTZC] default value MPCBB3 and MPCBB5 - Not Secured memory - MPCBB1 is applicable
2022-08-13 21:51:41,692 [INFO] Rule:225 - rule 117617 - U5Cobra4M][GTZC] default value MPCBB3 and MPCBB5 - Not Secured memory - MPCBB1 is applicable
2022-08-13 21:51:41,692 [INFO] Rule:225 - rule 117617 - U5Cobra4M][GTZC] default value MPCBB3 and MPCBB5 - Not Secured memory - MPCBB2 is applicable
2022-08-13 21:51:41,692 [INFO] Rule:225 - rule 117617 - U5Cobra4M][GTZC] default value MPCBB3 and MPCBB5 - Not Secured memory - MPCBB2 is applicable
2022-08-13 21:51:41,692 [INFO] Rule:225 - rule 117617 - U5Cobra4M][GTZC] default value MPCBB3 and MPCBB5 - Not Secured memory - MPCBB3 is applicable
2022-08-13 21:51:41,692 [INFO] Rule:225 - rule 117617 - U5Cobra4M][GTZC] default value MPCBB3 and MPCBB5 - Not Secured memory - MPCBB3 is applicable
2022-08-13 21:51:41,693 [INFO] Rule:225 - rule 117617 - U5Cobra4M][GTZC] default value MPCBB3 and MPCBB5 - Not Secured memory - MPCBB4 is applicable
2022-08-13 21:51:41,693 [INFO] Rule:225 - rule 117617 - U5Cobra4M][GTZC] default value MPCBB3 and MPCBB5 - Not Secured memory - MPCBB4 is applicable
2022-08-13 21:51:41,693 [INFO] Rule:225 - rule 117617 - U5Cobra4M][GTZC] default value MPCBB3 and MPCBB5 - Secured memory - MPCBB1 is applicable
2022-08-13 21:51:41,693 [INFO] Rule:225 - rule 117617 - U5Cobra4M][GTZC] default value MPCBB3 and MPCBB5 - Secured memory - MPCBB2 is applicable
2022-08-13 21:51:41,693 [INFO] Rule:225 - rule 117617 - U5Cobra4M][GTZC] default value MPCBB3 and MPCBB5 - Secured memory - MPCBB3 is applicable
2022-08-13 21:51:41,693 [INFO] Rule:225 - rule 117617 - U5Cobra4M][GTZC] default value MPCBB3 and MPCBB5 - Secured memory - MPCBB4 is applicable
2022-08-13 21:51:41,693 [INFO] Rule:225 - rule 117617 - U5Cobra4M][GTZC] default value MPCBB3 and MPCBB5 - Privileged memory - MPCBB1 is applicable
2022-08-13 21:51:41,693 [INFO] Rule:225 - rule 117617 - U5Cobra4M][GTZC] default value MPCBB3 and MPCBB5 - Privileged memory - MPCBB2 is applicable
2022-08-13 21:51:41,693 [INFO] Rule:225 - rule 117617 - U5Cobra4M][GTZC] default value MPCBB3 and MPCBB5 - Privileged memory - MPCBB3 is applicable
2022-08-13 21:51:41,693 [INFO] Rule:225 - rule 117617 - U5Cobra4M][GTZC] default value MPCBB3 and MPCBB5 - Privileged memory - MPCBB4 is applicable
2022-08-13 21:51:41,693 [INFO] Rule:225 - rule 117617 - U5Cobra4M][GTZC] default value MPCBB3 and MPCBB5 - Not Privileged memory - MPCBB1 is applicable
2022-08-13 21:51:41,693 [INFO] Rule:225 - rule 117617 - U5Cobra4M][GTZC] default value MPCBB3 and MPCBB5 - Not Privileged memory - MPCBB2 is applicable
2022-08-13 21:51:41,694 [INFO] Rule:225 - rule 117617 - U5Cobra4M][GTZC] default value MPCBB3 and MPCBB5 - Not Privileged memory - MPCBB3 is applicable
2022-08-13 21:51:41,694 [INFO] Rule:225 - rule 117617 - U5Cobra4M][GTZC] default value MPCBB3 and MPCBB5 - Not Privileged memory - MPCBB4 is applicable
2022-08-13 21:51:41,694 [INFO] Rule:225 - rule 117617 - U5Cobra4M][GTZC] default value MPCBB3 and MPCBB5 - Privileged memory - MPCBB1 is applicable
2022-08-13 21:51:41,694 [INFO] Rule:225 - rule 117617 - U5Cobra4M][GTZC] default value MPCBB3 and MPCBB5 - Privileged memory - MPCBB2 is applicable
2022-08-13 21:51:41,694 [INFO] Rule:225 - rule 117617 - U5Cobra4M][GTZC] default value MPCBB3 and MPCBB5 - Privileged memory - MPCBB3 is applicable
2022-08-13 21:51:41,694 [INFO] Rule:225 - rule 117617 - U5Cobra4M][GTZC] default value MPCBB3 and MPCBB5 - Privileged memory - MPCBB4 is applicable
2022-08-13 21:51:41,694 [INFO] Rule:225 - rule 117617 - U5Cobra4M][GTZC] default value MPCBB3 and MPCBB5 - Privileged memory - MPCBB1 is applicable
2022-08-13 21:51:41,694 [INFO] Rule:225 - rule 117617 - U5Cobra4M][GTZC] default value MPCBB3 and MPCBB5 - Privileged memory - MPCBB2 is applicable
2022-08-13 21:51:41,694 [INFO] Rule:225 - rule 117617 - U5Cobra4M][GTZC] default value MPCBB3 and MPCBB5 - Privileged memory - MPCBB3 is applicable
2022-08-13 21:51:41,694 [INFO] Rule:225 - rule 117617 - U5Cobra4M][GTZC] default value MPCBB3 and MPCBB5 - Privileged memory - MPCBB4 is applicable
2022-08-13 21:51:41,694 [INFO] Rule:225 - rule 117617 - U5Cobra4M][GTZC] default value MPCBB3 and MPCBB5 - Not Privileged memory - MPCBB1 is applicable
2022-08-13 21:51:41,694 [INFO] Rule:225 - rule 117617 - U5Cobra4M][GTZC] default value MPCBB3 and MPCBB5 - Not Privileged memory - MPCBB2 is applicable
2022-08-13 21:51:41,694 [INFO] Rule:225 - rule 117617 - U5Cobra4M][GTZC] default value MPCBB3 and MPCBB5 - Not Privileged memory - MPCBB3 is applicable
2022-08-13 21:51:41,694 [INFO] Rule:225 - rule 117617 - U5Cobra4M][GTZC] default value MPCBB3 and MPCBB5 - Not Privileged memory - MPCBB4 is applicable
2022-08-13 21:51:41,695 [INFO] Rule:225 - rule 117617 - U5Cobra4M][GTZC] default value MPCBB3 and MPCBB5 - Privileged memory - MPCBB1 is applicable
2022-08-13 21:51:41,695 [INFO] Rule:225 - rule 117617 - U5Cobra4M][GTZC] default value MPCBB3 and MPCBB5 - Privileged memory - MPCBB2 is applicable
2022-08-13 21:51:41,695 [INFO] Rule:225 - rule 117617 - U5Cobra4M][GTZC] default value MPCBB3 and MPCBB5 - Privileged memory - MPCBB3 is applicable
2022-08-13 21:51:41,695 [INFO] Rule:225 - rule 117617 - U5Cobra4M][GTZC] default value MPCBB3 and MPCBB5 - Privileged memory - MPCBB4 is applicable
2022-08-13 21:51:41,695 [INFO] Rule:225 - rule Rename SubGHz_Phy SUBGHZ_APPLICATION SUBGHZ_PINGPONG to SUBGHZ_ADV_APPLICATION is applicable
2022-08-13 21:51:41,695 [INFO] Rule:225 - rule Rename Enabled to IBEACON is applicable
2022-08-13 21:51:41,695 [INFO] Rule:225 - rule GTZC_S instance for project manager is applicable
2022-08-13 21:51:41,695 [INFO] Rule:225 - rule GTZC_S instance for context M33S is applicable
2022-08-13 21:51:41,695 [INFO] Rule:225 - rule GTZC_S instance value for IP GTZC is applicable
2022-08-13 21:51:41,695 [INFO] Rule:225 - rule GTZC_S instance for mcu.IP is applicable
2022-08-13 21:51:41,695 [INFO] Rule:225 - rule GTZC_S instance for VP is applicable
2022-08-13 21:51:41,695 [INFO] Rule:225 - rule GTZC_S instance for signal is applicable
2022-08-13 21:51:41,695 [INFO] Rule:225 - rule GTZC_S instance for mcu.Pin is applicable
2022-08-13 21:51:41,695 [INFO] Rule:225 - rule GTZC_S instance for VP is applicable
2022-08-13 21:51:41,695 [INFO] Rule:225 - rule GTZC_S instance for signal is applicable
2022-08-13 21:51:41,695 [INFO] Rule:225 - rule GTZC_S instance for mcu is applicable
2022-08-13 21:51:41,695 [INFO] Rule:225 - rule GTZC_S instance for mcu.Pin is applicable
2022-08-13 21:51:41,696 [INFO] Rule:225 - rule GTZC_S instance value for IP GTZC is applicable
2022-08-13 21:51:41,696 [INFO] Rule:225 - rule GTZC_S instance for project manager is applicable
2022-08-13 21:51:41,696 [INFO] Rule:225 - rule GTZC_S instance for context M33S is applicable
2022-08-13 21:51:41,696 [INFO] Rule:225 - rule GTZC_S instance for VP is applicable
2022-08-13 21:51:41,696 [INFO] Rule:225 - rule GTZC_S instance for signal is applicable
2022-08-13 21:51:41,696 [INFO] Rule:225 - rule SPDIFRX instance for mcu is applicable
2022-08-13 21:51:41,696 [INFO] Rule:225 - rule Rename Tracer Mode is applicable
2022-08-13 21:51:41,696 [INFO] Rule:225 - rule SPDIFRX instance value for IP SPDIFRX is applicable
2022-08-13 21:51:41,696 [INFO] Rule:225 - rule SPDIFRX instance for signal is applicable
2022-08-13 21:51:41,696 [INFO] Rule:225 - rule SPDIFRX instance for project manager is applicable
2022-08-13 21:51:41,696 [INFO] Rule:225 - rule SPDIFRX instance for project manager is applicable
2022-08-13 21:51:41,697 [INFO] Rule:225 - rule ADC Scan  fix with FW F7 is applicable
2022-08-13 21:51:41,697 [INFO] Rule:225 - rule ADC Scan  fix with FW F7 is applicable
2022-08-13 21:51:41,697 [INFO] Rule:225 - rule UART/USART WORD LENGTH 7 is applicable
2022-08-13 21:51:41,697 [INFO] Rule:225 - rule UART/USART WORD LENGTH 8 is applicable
2022-08-13 21:51:41,697 [INFO] Rule:225 - rule UART/USART WORD LENGTH 9 is applicable
2022-08-13 21:51:41,697 [INFO] Rule:225 - rule Change Default Value for ADC Clock Prescaler G0 family is applicable
2022-08-13 21:51:41,697 [INFO] Rule:225 - rule ADC SamplingTime fix with FW L0  is applicable
2022-08-13 21:51:41,698 [INFO] Rule:225 - rule ADC SamplingTime fix with FW L0  is applicable
2022-08-13 21:51:41,698 [INFO] Rule:225 - rule ADC SamplingTime fix with FW L0 is applicable
2022-08-13 21:51:41,698 [INFO] Rule:225 - rule ADC SamplingTime fix with FW L0 is applicable
2022-08-13 21:51:41,698 [INFO] Rule:225 - rule ADC SamplingTime fix with FW L0  is applicable
2022-08-13 21:51:41,698 [INFO] Rule:225 - rule ADC SamplingTime fix with FW L0 is applicable
2022-08-13 21:51:41,698 [INFO] Rule:225 - rule Rename USB_OE Signal is applicable
2022-08-13 21:51:41,698 [INFO] Rule:225 - rule Rename Activate_OE Mode is applicable
2022-08-13 21:51:41,698 [INFO] Rule:225 - rule Rename DIE462/DIE415 pin PC14/OSC32_IN -> PC14-OSC32_IN (PC14) is applicable
2022-08-13 21:51:41,698 [INFO] Rule:225 - rule Rename DIE462/DIE415 pin PC15/OSC32_OUT -> PC15-OSC32_OUT (PC15) is applicable
2022-08-13 21:51:41,698 [INFO] Rule:225 - rule Rename DIE462/DIE415 pin PH0/OSC_IN -> PH0-OSC_IN (PH0) is applicable
2022-08-13 21:51:41,698 [INFO] Rule:225 - rule Rename DIE462/DIE415 pin PH1/OSC_OUT -> PH1-OSC_OUT (PH1) is applicable
2022-08-13 21:51:41,698 [INFO] Rule:225 - rule Rename DIE462 pin PA13 -> PA13 (JTMS/SWDIO) is applicable
2022-08-13 21:51:41,698 [INFO] Rule:225 - rule Rename DIE415 pin PA13 -> PA13 (JTMS/SWDIO) is applicable
2022-08-13 21:51:41,699 [INFO] Rule:225 - rule Rename DIE462 pin PA14 -> PA14 (JTCK/SWCLK) is applicable
2022-08-13 21:51:41,699 [INFO] Rule:225 - rule Rename DIE415 pin PA14 -> PA14 (JTCK/SWCLK) is applicable
2022-08-13 21:51:41,699 [INFO] Rule:225 - rule Rename DIE462/DIE415 pin PA15 -> PA15 (JTDI) is applicable
2022-08-13 21:51:41,699 [INFO] Rule:225 - rule Rename DIE462 pin PB3 -> PB3 (JTD0/TRACESWO) is applicable
2022-08-13 21:51:41,699 [INFO] Rule:225 - rule Rename DIE415 pin PB3 -> PB3 (JTD0-TRACESWO) is applicable
2022-08-13 21:51:41,699 [INFO] Rule:225 - rule Rename DIE462/DIE415 pin PB4 -> PB4 (NJTRST) is applicable
2022-08-13 21:51:41,699 [INFO] Rule:225 - rule Rename DIE462 pin PH3/BOOT0 -> PH3-BOOT0 (BOOT0) is applicable
2022-08-13 21:51:41,699 [INFO] Rule:225 - rule Rename CRYP DataEncryptionTypesList to Algorithm is applicable
2022-08-13 21:51:41,699 [INFO] Rule:225 - rule Rename AES DataEncryptionTypesList to Algorithm is applicable
2022-08-13 21:51:41,699 [INFO] Rule:225 - rule Rename TDESECB to CRYP_TDES_ECB is applicable
2022-08-13 21:51:41,699 [INFO] Rule:225 - rule Rename TDESCBC to CRYP_TDES_CBC is applicable
2022-08-13 21:51:41,699 [INFO] Rule:225 - rule Rename DESECB to CRYP_DES_ECB is applicable
2022-08-13 21:51:41,699 [INFO] Rule:225 - rule Rename DESCBC to CRYP_DES_CBC is applicable
2022-08-13 21:51:41,699 [INFO] Rule:225 - rule Rename AESECB to CRYP_AES_ECB is applicable
2022-08-13 21:51:41,699 [INFO] Rule:225 - rule Rename AESCBC to CRYP_AES_CBC is applicable
2022-08-13 21:51:41,700 [INFO] Rule:225 - rule Rename AESCTR to CRYP_AES_CTR is applicable
2022-08-13 21:51:41,700 [INFO] Rule:225 - rule Rename AESGCM to CRYP_AES_GCM is applicable
2022-08-13 21:51:41,700 [INFO] Rule:225 - rule Rename AESCCM to CRYP_AES_CCM is applicable
2022-08-13 21:51:41,700 [INFO] Rule:225 - rule Rename CAN TimeSeg1 to BS1 is applicable
2022-08-13 21:51:41,700 [INFO] Rule:225 - rule Rename CAN TimeSeg2 to BS2 is applicable
2022-08-13 21:51:41,700 [INFO] Rule:225 - rule Rename CAN SyncJumpWidth to SJW is applicable
2022-08-13 21:51:41,700 [INFO] Rule:225 - rule TimeTriggeredMode to TTCM is applicable
2022-08-13 21:51:41,700 [INFO] Rule:225 - rule Rename CAN AutoBusOff to ABOM is applicable
2022-08-13 21:51:41,700 [INFO] Rule:225 - rule Rename CAN AutoWakeUp to AWUM is applicable
2022-08-13 21:51:41,700 [INFO] Rule:225 - rule Rename CAN AutoRetransmission to NART is applicable
2022-08-13 21:51:41,700 [INFO] Rule:225 - rule Rename CAN ReceiveFifoLocked to RFLM is applicable
2022-08-13 21:51:41,700 [INFO] Rule:225 - rule Rename CAN TransmitFifoPriority to TXFP is applicable
2022-08-13 21:51:41,700 [INFO] Rule:225 - rule Rename HRTIMER HRTIM_OUTPUTFAULTLEVEL_HIGH in HRTIMER HRTIM_OUTPUTFAULTLEVEL_HIGHZ is applicable
2022-08-13 21:51:41,700 [INFO] Rule:225 - rule Rename TIMER TIM_CLEARINPUTSOURCE_OCREFCLR in  TIMER TIM_CLEARINPUTSOURCE_NONE for F7 family is applicable
2022-08-13 21:51:41,700 [INFO] Rule:225 - rule FDCAN_R1 - Rename FDCAN mode Master into Classic is applicable
2022-08-13 21:51:41,700 [INFO] Rule:225 - rule FDCAN_R2 - Rename FDCAN mode Slave into Classic is applicable
2022-08-13 21:51:41,700 [INFO] Rule:225 - rule FDCAN1_R3 - if PA10.Mode=FullDuplex, add Pin PA12 is applicable
2022-08-13 21:51:41,700 [INFO] Rule:225 - rule FDCAN1_R3 - if PA9.Mode=FullDuplex, add Pin PA11 is applicable
2022-08-13 21:51:41,700 [INFO] Rule:225 - rule FDCAN1_R3 - Alternatepin_1 - if PE1.Mode=FullDuplex, add Pin PB9 is applicable
2022-08-13 21:51:41,700 [INFO] Rule:225 - rule FDCAN1_R3 - Alternatepin_1 - if PE0.Mode=FullDuplex, add Pin PB8 is applicable
2022-08-13 21:51:41,701 [INFO] Rule:225 - rule FDCAN1_R3 - Alternatepin_2 - if PD5.Mode=FullDuplex, add Pin PD1 is applicable
2022-08-13 21:51:41,701 [INFO] Rule:225 - rule FDCAN1_R3 - Alternatepin_2 - if PD4.Mode=FullDuplex, add Pin PD0 is applicable
2022-08-13 21:51:41,701 [INFO] Rule:225 - rule FDCAN1_R4 - Rename Mode FullDuplex into Enable FDCAN_TXFD for pin PA10 is applicable
2022-08-13 21:51:41,701 [INFO] Rule:225 - rule FDCAN1_R4 - Rename Mode FullDuplex into Enable FDCAN_TXFD for pin PA9 is applicable
2022-08-13 21:51:41,701 [INFO] Rule:225 - rule FDCAN1_R4 - Alternatepin_1 - Rename Mode FullDuplex into Enable FDCAN_TXFD for pin PE1 is applicable
2022-08-13 21:51:41,701 [INFO] Rule:225 - rule FDCAN1_R4 - Alternatepin_1 - Rename Mode FullDuplex into Enable FDCAN_TXFD for pin PE0 is applicable
2022-08-13 21:51:41,701 [INFO] Rule:225 - rule FDCAN1_R4 - Alternatepin_2 - Rename Mode FullDuplex into Enable FDCAN_TXFD for pin PD5 is applicable
2022-08-13 21:51:41,701 [INFO] Rule:225 - rule FDCAN1_R4 - Alternatepin_2 - Rename Mode FullDuplex into Enable FDCAN_TXFD for pin PD4 is applicable
2022-08-13 21:51:41,701 [INFO] Rule:225 - rule FDCAN2_R3 - if PD10.Mode=FullDuplex, add Pin PB13 is applicable
2022-08-13 21:51:41,701 [INFO] Rule:225 - rule FDCAN2_R3 - if PD9.Mode=FullDuplex, add Pin PB12 is applicable
2022-08-13 21:51:41,701 [INFO] Rule:225 - rule FDCAN2_R3 - Alternatepin_1 - if PB7.Mode=FullDuplex, add Pin PB6 is applicable
2022-08-13 21:51:41,701 [INFO] Rule:225 - rule FDCAN2_R3 - Alternatepin_1 - if PD9.Mode=FullDuplex, add Pin PB12 is applicable
2022-08-13 21:51:41,701 [INFO] Rule:225 - rule FDCAN2_R4 - Rename Mode FullDuplex into Enable FDCAN_TXFD for pin PD10 is applicable
2022-08-13 21:51:41,701 [INFO] Rule:225 - rule FDCAN2_R4 - Rename Mode FullDuplex into Enable FDCAN_TXFD for pin PD9 is applicable
2022-08-13 21:51:41,701 [INFO] Rule:225 - rule FDCAN2_R4 - Alternatepin_1 - Rename Mode FullDuplex into Enable FDCAN_TXFD for pin PB7 is applicable
2022-08-13 21:51:41,701 [INFO] Rule:225 - rule FDCAN2_R4 - Alternatepin_1 - Rename Mode FullDuplex into Enable FDCAN_TXFD for pin PD6 is applicable
2022-08-13 21:51:41,701 [INFO] Rule:225 - rule USART TxPinLevelInvertParam Mode is applicable
2022-08-13 21:51:41,701 [INFO] Rule:225 - rule USART RxPinLevelInvertParam Mode is applicable
2022-08-13 21:51:41,702 [INFO] Rule:225 - rule USART DataInvertParam Mode is applicable
2022-08-13 21:51:41,702 [INFO] Rule:225 - rule USART SwapParam Mode is applicable
2022-08-13 21:51:41,702 [INFO] Rule:225 - rule USART OverrunDisableParam Mode is applicable
2022-08-13 21:51:41,702 [INFO] Rule:225 - rule USART DMADisableonRxErrorParam Mode is applicable
2022-08-13 21:51:41,702 [INFO] Rule:225 - rule USART MSBFirstParam Mode is applicable
2022-08-13 21:51:41,702 [INFO] Rule:225 - rule Update MwName for USB_DEVICE is applicable
2022-08-13 21:51:41,702 [INFO] Rule:225 - rule Change PWR_Regulator_Voltage_Scale Default Value for RCC  H7 family is applicable
2022-08-13 21:51:41,702 [INFO] Rule:225 - rule UART/USART IPParameter rename Prescaler parameter to ClockPrescaler is applicable
2022-08-13 21:51:41,702 [INFO] Rule:225 - rule UART/USART Prescaler rename Prescaler parameter to ClockPrescaler is applicable
2022-08-13 21:51:41,702 [INFO] Rule:225 - rule TIM1CLockSelection is applicable
2022-08-13 21:51:41,702 [INFO] Rule:225 - rule TIM15CLockSelection is applicable
2022-08-13 21:51:41,702 [INFO] Rule:225 - rule align RCC SDMMC3CLockSelection default value on MP1 is applicable
2022-08-13 21:51:41,702 [INFO] Rule:225 - rule align RCC SDMMC12CLockSelection default value on MP1 is applicable
2022-08-13 21:51:41,702 [INFO] Rule:225 - rule align RCC QSPICLockSelection default value on MP1 is applicable
2022-08-13 21:51:41,702 [INFO] Rule:225 - rule align RCC QSPICLockSelection default value on MP1 is applicable
2022-08-13 21:51:41,702 [INFO] Rule:225 - rule align RCC SPI6CLockSelection default value on MP1 is applicable
2022-08-13 21:51:41,702 [INFO] Rule:225 - rule align RCC LPTIM23CLockSelection default value on MP1 is applicable
2022-08-13 21:51:41,702 [INFO] Rule:225 - rule align RCC LPTIM1CLockSelection default value on MP1 is applicable
2022-08-13 21:51:41,702 [INFO] Rule:225 - rule align RCC USART1CLockSelection default value on MP1 is applicable
2022-08-13 21:51:41,702 [INFO] Rule:225 - rule align RCC USART24CLockSelection default value on MP1 is applicable
2022-08-13 21:51:41,702 [INFO] Rule:225 - rule align RCC USART6CLockSelection default value on MP1 is applicable
2022-08-13 21:51:41,703 [INFO] Rule:225 - rule align RCC UART78CLockSelection default value on MP1 is applicable
2022-08-13 21:51:41,703 [INFO] Rule:225 - rule align RCC USART35CLockSelection default value on MP1 is applicable
2022-08-13 21:51:41,703 [INFO] Rule:225 - rule align RCC SPI45CLockSelection default value on MP1 is applicable
2022-08-13 21:51:41,703 [INFO] Rule:225 - rule align RCC I2C46CLockSelection BCLK value on MP1 is applicable
2022-08-13 21:51:41,703 [INFO] Rule:225 - rule align RCC SPI45CLockSelection default value on MP1 is applicable
2022-08-13 21:51:41,703 [INFO] Rule:225 - rule align RCC I2C12CLockSelection default value on MP1 is applicable
2022-08-13 21:51:41,703 [INFO] Rule:225 - rule align RCC I2C35CLockSelection default value on MP1 is applicable
2022-08-13 21:51:41,703 [INFO] Rule:225 - rule align RCC LPTIM45CLockSelection default value on MP1 is applicable
2022-08-13 21:51:41,703 [INFO] Rule:225 - rule Rename DCMI PIXCK signal is applicable
2022-08-13 21:51:41,703 [INFO] Rule:225 - rule Change Default Value for I2C46CLockSelection MP1 family is applicable
2022-08-13 21:51:41,703 [INFO] Rule:225 - rule Change Default Value for UART for G4, G0 and WB families is applicable
2022-08-13 21:51:41,703 [INFO] Rule:225 - rule Change Default Value for USART for G4, G0 and WB families is applicable
2022-08-13 21:51:41,703 [INFO] Rule:225 - rule Change Default Value for USART for G4 family is applicable
2022-08-13 21:51:41,703 [INFO] Rule:225 - rule Change USART1CLockSelection refparam name for MP1 is applicable
2022-08-13 21:51:41,703 [INFO] Rule:225 - rule Change USART2CLockSelection refparam name for MP1 is applicable
2022-08-13 21:51:41,703 [INFO] Rule:225 - rule Change USART3CLockSelection refparam name for MP1 is applicable
2022-08-13 21:51:41,703 [INFO] Rule:225 - rule Change UART4CLockSelection refparam name for MP1 is applicable
2022-08-13 21:51:41,703 [INFO] Rule:225 - rule Change UART5CLockSelection refparam name for MP1 is applicable
2022-08-13 21:51:41,704 [INFO] Rule:225 - rule Change LPUART1CLockSelection refparam name for MP1 is applicable
2022-08-13 21:51:41,704 [INFO] Rule:225 - rule Change LPTIM1CLockSelection refparam name for MP1 is applicable
2022-08-13 21:51:41,704 [INFO] Rule:225 - rule Change LPTIM2CLockSelection refparam name for MP1 is applicable
2022-08-13 21:51:41,704 [INFO] Rule:225 - rule Change RCC_MCO1Source refparam name for MP1 is applicable
2022-08-13 21:51:41,704 [INFO] Rule:225 - rule Change LSCOSource1 refparam name for MP1 is applicable
2022-08-13 21:51:41,704 [INFO] Rule:225 - rule Change SMPSCLockSelection refparam name for MP1 is applicable
2022-08-13 21:51:41,704 [INFO] Rule:225 - rule Change LPTIM3CLockSelection refparam name for MP1 is applicable
2022-08-13 21:51:41,704 [INFO] Rule:225 - rule Change MPCBB* Default Template Mode to Parameters is applicable
2022-08-13 21:51:41,704 [INFO] Rule:225 - rule Change MPCWM* or MPCBB* Secure Mode to Parameters is applicable
2022-08-13 21:51:41,704 [INFO] Rule:225 - rule Change MPCWM* or MPCBB* No Secure Mode to Parameters is applicable
2022-08-13 21:51:41,704 [INFO] Rule:225 - rule Change TZSC IP Secure Mode to Parameters is applicable
2022-08-13 21:51:41,704 [INFO] Rule:225 - rule Change TZSC IP No Secure Mode to Parameters is applicable
2022-08-13 21:51:41,704 [INFO] Rule:225 - rule Change TZSC IP Privilege Mode to Parameters is applicable
2022-08-13 21:51:41,704 [INFO] Rule:225 - rule Change TZSC IP No Privilege Mode to Parameters is applicable
2022-08-13 21:51:41,704 [INFO] Rule:225 - rule Change TZIC IT Secure Mode to Parameters is applicable
2022-08-13 21:51:41,704 [INFO] Rule:225 - rule Change TZIC IT No Secure Mode to Parameters is applicable
2022-08-13 21:51:41,704 [INFO] Rule:225 - rule Add MPCBB1_NonSecureArea_Start_Address value with referenced to MPCBB1_NonSecureArea_Start value is applicable
2022-08-13 21:51:41,704 [INFO] Rule:225 - rule Add MPCBB2_NonSecureArea_Start_Address value with referenced to MPCBB2_NonSecureArea_Start value is applicable
2022-08-13 21:51:41,704 [INFO] Rule:225 - rule Add MPCWM1_NonSecureArea*_Start_Address value with referenced to MPCWM1_NonSecureArea*_Start value is applicable
2022-08-13 21:51:41,705 [INFO] Rule:225 - rule Add MPCWM2_NonSecureArea*_Start_Address value with referenced to MPCWM2_NonSecureArea*_Start value is applicable
2022-08-13 21:51:41,705 [INFO] Rule:225 - rule Add MPCWM3_NonSecureArea_Start_Address value with referenced to MPCWM3_NonSecureArea_Start value is applicable
2022-08-13 21:51:41,705 [INFO] Rule:225 - rule Change Default Value for PLL1UserDefinedConfig is applicable
2022-08-13 21:51:41,705 [INFO] Rule:225 - rule Change GPIO_PuPd Default Value for USART in async mode is applicable
2022-08-13 21:51:41,705 [INFO] Rule:225 - rule Change SMPSDivider Default Value is applicable
2022-08-13 21:51:41,705 [INFO] Rule:225 - rule OPAMP is applicable
2022-08-13 21:51:41,705 [INFO] Rule:225 - rule LPUART IPParameter rename Prescaler parameter to ClockPrescaler for STM32H7 is applicable
2022-08-13 21:51:41,705 [INFO] Rule:225 - rule LPUART IPParameter rename Prescaler parameter to ClockPrescaler for STM32H7 is applicable
2022-08-13 21:51:41,705 [INFO] Rule:225 - rule LPUART IPParameter rename Prescaler parameter to ClockPrescaler for STM32WB is applicable
2022-08-13 21:51:41,705 [INFO] Rule:225 - rule LPUART IPParameter rename Prescaler parameter to ClockPrescaler for STM32WB is applicable
2022-08-13 21:51:41,705 [INFO] Rule:225 - rule LPUART IPParameter rename Prescaler parameter to ClockPrescaler for STM32G4 is applicable
2022-08-13 21:51:41,705 [INFO] Rule:225 - rule LPUART IPParameter rename Prescaler parameter to ClockPrescaler for STM32G4 is applicable
2022-08-13 21:51:41,706 [INFO] Rule:225 - rule LPUART IPParameter rename Prescaler parameter to ClockPrescaler for STM32L5 is applicable
2022-08-13 21:51:41,706 [INFO] Rule:225 - rule LPUART IPParameter rename Prescaler parameter to ClockPrescaler for STM32L5 is applicable
2022-08-13 21:51:41,706 [INFO] Rule:225 - rule LPUART IPParameter rename Prescaler parameter to ClockPrescaler for STM32G4 is applicable
2022-08-13 21:51:41,706 [INFO] Rule:225 - rule LPUART IPParameter rename Prescaler parameter to ClockPrescaler for STM32G4 is applicable
2022-08-13 21:51:41,706 [INFO] Rule:225 - rule USB device lib V2.5.3 for L0 rename USBD_SUPPORT_USER_STRING parameter to USBD_SUPPORT_USER_STRING_DESC4 is applicable
2022-08-13 21:51:41,706 [INFO] Rule:225 - rule I2SCLockSelection clock entry align is applicable
2022-08-13 21:51:41,706 [INFO] Rule:225 - rule Assign TIMx context if used as SYS timebase is applicable
2022-08-13 21:51:41,706 [INFO] Rule:225 - rule Change GPIO_Pu Default Value for I2C is applicable
2022-08-13 21:51:41,706 [INFO] Rule:225 - rule Change GPIO_Pu Default Value for SMBus is applicable
2022-08-13 21:51:41,706 [INFO] Rule:225 - rule change FDCAN default value is applicable
2022-08-13 21:51:41,706 [INFO] Rule:225 - rule Change mode sai is applicable
2022-08-13 21:51:41,706 [INFO] Rule:225 - rule **Change sai mode is applicable
2022-08-13 21:51:41,712 [INFO] DbConfProperties:305 - Apply Compatibility (24/215 Rules)
2022-08-13 21:51:41,725 [INFO] ImportTextPane:193 - (OptionalMessage_ERROR) Unable to find key (Mcu.ThirdPartyNb) in loaded IOC file
2022-08-13 21:51:41,800 [WARN] ApiManager:308 - Cannot register API 'Board Extension:GNSS1A1' from pack STMicroelectronics.X-CUBE-GNSS1.6.0.0: no header file found
2022-08-13 21:51:41,800 [WARN] ApiManager:308 - Cannot register API 'Board Support:Custom' from pack STMicroelectronics.X-CUBE-GNSS1.6.0.0: no header file found
2022-08-13 21:51:41,800 [WARN] ApiManager:308 - Cannot register API 'Data Exchange:lib_gnss' from pack STMicroelectronics.X-CUBE-GNSS1.6.0.0: no header file found
2022-08-13 21:51:41,818 [WARN] ApiManager:308 - Cannot register API 'Wireless:BlueNRG-MS' from pack STMicroelectronics.X-CUBE-BLE1.6.2.3: no header file found
2022-08-13 21:51:41,820 [INFO] RtosManager:488 - Registered RTOS mode: class=CMSIS, group=RTOS, mode=CMSIS_V1, owner=FREERTOS
2022-08-13 21:51:41,820 [INFO] RtosManager:488 - Registered RTOS mode: class=CMSIS, group=RTOS2, mode=CMSIS_V2, owner=FREERTOS
2022-08-13 21:51:41,820 [INFO] RtosManager:488 - Registered RTOS mode: class=RTOS, group=Core, mode=CMSIS_V1, owner=FREERTOS
2022-08-13 21:51:41,820 [INFO] RtosManager:488 - Registered RTOS mode: class=RTOS, group=Core, mode=CMSIS_V2, owner=FREERTOS
2022-08-13 21:51:41,821 [WARN] ModelIntegratedComponent:185 - Missing modes for component STMicroelectronics:FreeRTOS:0.0.1:STMicroelectronics:RTOS:FreeRTOS:Core:::10.2.0:
2022-08-13 21:51:41,826 [WARN] ApiManager:308 - Cannot register API 'Board Extension:S2868A1' from pack STMicroelectronics.X-CUBE-SUBG2.5.0.0: no header file found
2022-08-13 21:51:41,826 [WARN] ApiManager:308 - Cannot register API 'Board Extension:S2868A2' from pack STMicroelectronics.X-CUBE-SUBG2.5.0.0: no header file found
2022-08-13 21:51:41,826 [WARN] ApiManager:308 - Cannot register API 'Board Extension:S2915A1' from pack STMicroelectronics.X-CUBE-SUBG2.5.0.0: no header file found
2022-08-13 21:51:41,831 [WARN] ApiManager:308 - Cannot register API 'Board Extension:NFC04A1' from pack STMicroelectronics.X-CUBE-NFC4.2.0.4: no header file found
2022-08-13 21:51:41,839 [WARN] ModelIntegratedComponent:64 - No mode defined for component null
2022-08-13 21:51:41,839 [WARN] ModelIntegratedComponent:64 - No mode defined for component null
2022-08-13 21:51:41,839 [WARN] ModelIntegratedComponent:64 - No mode defined for component null
2022-08-13 21:51:41,839 [WARN] ModelIntegratedComponent:64 - No mode defined for component null
2022-08-13 21:51:41,839 [WARN] ModelIntegratedComponent:64 - No mode defined for component null
2022-08-13 21:51:41,840 [WARN] ModelIntegratedComponent:64 - No mode defined for component null
2022-08-13 21:51:41,840 [WARN] ModelIntegratedComponent:64 - No mode defined for component null
2022-08-13 21:51:41,840 [WARN] ModelIntegratedComponent:64 - No mode defined for component null
2022-08-13 21:51:41,840 [WARN] ModelIntegratedComponent:64 - No mode defined for component null
2022-08-13 21:51:41,840 [WARN] ModelIntegratedComponent:64 - No mode defined for component null
2022-08-13 21:51:41,840 [WARN] ModelIntegratedComponent:64 - No mode defined for component null
2022-08-13 21:51:41,840 [WARN] ModelIntegratedComponent:64 - No mode defined for component null
2022-08-13 21:51:41,841 [WARN] ModelIntegratedComponent:64 - No mode defined for component null
2022-08-13 21:51:41,841 [WARN] ModelIntegratedComponent:64 - No mode defined for component null
2022-08-13 21:51:41,841 [WARN] ModelIntegratedComponent:64 - No mode defined for component null
2022-08-13 21:51:41,841 [WARN] ModelIntegratedComponent:64 - No mode defined for component null
2022-08-13 21:51:41,841 [WARN] ModelIntegratedComponent:64 - No mode defined for component null
2022-08-13 21:51:41,841 [WARN] ModelIntegratedComponent:64 - No mode defined for component null
2022-08-13 21:51:41,841 [WARN] ModelIntegratedComponent:64 - No mode defined for component null
2022-08-13 21:51:41,842 [WARN] ModelIntegratedComponent:64 - No mode defined for component null
2022-08-13 21:51:41,842 [WARN] ModelIntegratedComponent:64 - No mode defined for component null
2022-08-13 21:51:41,842 [WARN] ModelIntegratedComponent:64 - No mode defined for component null
2022-08-13 21:51:41,842 [WARN] ModelIntegratedComponent:64 - No mode defined for component null
2022-08-13 21:51:41,842 [WARN] ModelIntegratedComponent:64 - No mode defined for component null
2022-08-13 21:51:41,842 [WARN] ModelIntegratedComponent:64 - No mode defined for component null
2022-08-13 21:51:41,842 [WARN] ModelIntegratedComponent:64 - No mode defined for component null
2022-08-13 21:51:41,842 [WARN] ModelIntegratedComponent:64 - No mode defined for component null
2022-08-13 21:51:41,842 [WARN] ModelIntegratedComponent:64 - No mode defined for component null
2022-08-13 21:51:41,843 [WARN] ModelIntegratedComponent:64 - No mode defined for component null
2022-08-13 21:51:41,843 [WARN] ModelIntegratedComponent:64 - No mode defined for component null
2022-08-13 21:51:41,843 [WARN] ModelIntegratedComponent:64 - No mode defined for component null
2022-08-13 21:51:41,843 [WARN] ModelIntegratedComponent:64 - No mode defined for component null
2022-08-13 21:51:41,843 [WARN] ModelIntegratedComponent:64 - No mode defined for component null
2022-08-13 21:51:41,845 [WARN] ApiManager:308 - Cannot register API 'Board Extension:NFC07A1' from pack STMicroelectronics.X-CUBE-NFC7.1.0.0: no header file found
2022-08-13 21:51:41,918 [WARN] ApiManager:308 - Cannot register API 'Board Extension:IKS01A3' from pack STMicroelectronics.X-CUBE-MEMS1.9.3.0: no header file found
2022-08-13 21:51:41,919 [WARN] ApiManager:308 - Cannot register API 'Board Extension:IKS01A2' from pack STMicroelectronics.X-CUBE-MEMS1.9.3.0: no header file found
2022-08-13 21:51:41,919 [WARN] ApiManager:308 - Cannot register API 'Board Extension:IKS02A1' from pack STMicroelectronics.X-CUBE-MEMS1.9.3.0: no header file found
2022-08-13 21:51:41,925 [WARN] ApiManager:308 - Cannot register API 'Board Extension:EEPRMA1' from pack STMicroelectronics.X-CUBE-EEPRMA1.3.1.1: no header file found
2022-08-13 21:51:41,925 [WARN] ApiManager:308 - Cannot register API 'Board Extension:EEPRMA2' from pack STMicroelectronics.X-CUBE-EEPRMA1.3.1.1: no header file found
2022-08-13 21:51:41,926 [WARN] ApiManager:308 - Cannot register API 'Board Extension:S2868A1' from pack STMicroelectronics.X-CUBE-SFXS2LP1.4.0.0: no header file found
2022-08-13 21:51:41,926 [WARN] ApiManager:308 - Cannot register API 'Board Extension:S2868A2' from pack STMicroelectronics.X-CUBE-SFXS2LP1.4.0.0: no header file found
2022-08-13 21:51:41,926 [WARN] ApiManager:308 - Cannot register API 'Board Extension:S2915A1' from pack STMicroelectronics.X-CUBE-SFXS2LP1.4.0.0: no header file found
2022-08-13 21:51:41,927 [WARN] ApiManager:308 - Cannot register API 'Wireless:BlueNRG-2' from pack STMicroelectronics.X-CUBE-BLE2.3.3.0: no header file found
2022-08-13 21:51:41,936 [INFO] ThirdPartyModel:289 - Start build external matchings
2022-08-13 21:51:42,135 [INFO] ThirdPartyModel:302 - End build external matchings
2022-08-13 21:51:42,151 [INFO] ImportTextPane:193 - (OptionalMessage_ERROR) IP (RCC) : Parameter (ADCFreqValue) has invalid value (32000000)
2022-08-13 21:51:42,151 [INFO] ImportTextPane:193 - (OptionalMessage_ERROR) IP (RCC) : Invalid parameter (FamilyName)
2022-08-13 21:51:42,152 [INFO] ImportTextPane:193 - (OptionalMessage_ERROR) IP (RCC) : Parameter (MCOFreq_Value) has invalid value (64000000)
2022-08-13 21:51:42,152 [INFO] ImportTextPane:193 - (OptionalMessage_ERROR) IP (RCC) : Parameter (USBFreq_Value) has invalid value (64000000)
2022-08-13 21:51:42,347 [INFO] UtilMem:74 - End LoadConfig() Used Memory: 824995504 Bytes (1058013184)
2022-08-13 21:51:42,376 [WARN] ThirdParty:789 - waiting for thirdparty lock release [change project]
2022-08-13 21:51:42,376 [INFO] ThirdParty:791 - entering critical section [change project]
2022-08-13 21:51:42,377 [INFO] ThirdParty:981 - CMSIS Pack Vendor :RoweBots I-CUBE-UNISONRTOS 5.5.0-4
2022-08-13 21:51:42,377 [INFO] ThirdParty:981 - CMSIS Pack Vendor :STMicroelectronics X-CUBE-GNSS1 6.0.0
2022-08-13 21:51:42,377 [INFO] ThirdParty:981 - CMSIS Pack Vendor :STMicroelectronics X-CUBE-AZRTOS-H7 2.1.0
2022-08-13 21:51:42,377 [INFO] ThirdParty:981 - CMSIS Pack Vendor :STMicroelectronics USB_HOST 2.0.0
2022-08-13 21:51:42,377 [INFO] ThirdParty:981 - CMSIS Pack Vendor :STMicroelectronics X-CUBE-AZRTOS-F4 1.1.0
2022-08-13 21:51:42,377 [INFO] ThirdParty:981 - CMSIS Pack Vendor :STMicroelectronics LIBJPEG 8.0.0
2022-08-13 21:51:42,377 [INFO] ThirdParty:981 - CMSIS Pack Vendor :wolfSSL I-CUBE-wolfSSL 5.4.0
2022-08-13 21:51:42,377 [INFO] ThirdParty:981 - CMSIS Pack Vendor :STMicroelectronics USB_DEVICE 3.0.0
2022-08-13 21:51:42,377 [INFO] ThirdParty:981 - CMSIS Pack Vendor :STMicroelectronics X-CUBE-BLEMGR 1.0.0
2022-08-13 21:51:42,377 [INFO] ThirdParty:981 - CMSIS Pack Vendor :STMicroelectronics X-CUBE-AZRTOS-F7 1.1.0
2022-08-13 21:51:42,377 [INFO] ThirdParty:981 - CMSIS Pack Vendor :STMicroelectronics USB_DEVICE 2.0.0
2022-08-13 21:51:42,377 [INFO] ThirdParty:981 - CMSIS Pack Vendor :STMicroelectronics X-CUBE-BLE1 6.2.3
2022-08-13 21:51:42,377 [INFO] ThirdParty:981 - CMSIS Pack Vendor :STMicroelectronics X-CUBE-ALGOBUILD 1.3.0
2022-08-13 21:51:42,378 [INFO] ThirdParty:981 - CMSIS Pack Vendor :STMicroelectronics FreeRTOS 0.0.1
2022-08-13 21:51:42,378 [INFO] ThirdParty:981 - CMSIS Pack Vendor :STMicroelectronics X-CUBE-AZRTOS-G0 1.1.0
2022-08-13 21:51:42,378 [INFO] ThirdParty:981 - CMSIS Pack Vendor :STMicroelectronics X-CUBE-SUBG2 5.0.0
2022-08-13 21:51:42,378 [INFO] ThirdParty:981 - CMSIS Pack Vendor :SEGGER I-CUBE-embOS 1.2.0
2022-08-13 21:51:42,378 [INFO] ThirdParty:981 - CMSIS Pack Vendor :STMicroelectronics STM32_WPAN 1.0.0
2022-08-13 21:51:42,378 [INFO] ThirdParty:981 - CMSIS Pack Vendor :STMicroelectronics lwIP 2.0.3
2022-08-13 21:51:42,378 [INFO] ThirdParty:981 - CMSIS Pack Vendor :STMicroelectronics X-CUBE-NFC4 2.0.4
2022-08-13 21:51:42,378 [INFO] ThirdParty:981 - CMSIS Pack Vendor :STMicroelectronics USB_HOST 1.0.0
2022-08-13 21:51:42,378 [INFO] ThirdParty:981 - CMSIS Pack Vendor :STMicroelectronics PDM2PCM 3.1.0
2022-08-13 21:51:42,378 [INFO] ThirdParty:981 - CMSIS Pack Vendor :STMicroelectronics PDM2PCM 3.3.0
2022-08-13 21:51:42,378 [INFO] ThirdParty:981 - CMSIS Pack Vendor :STMicroelectronics X-CUBE-TOF1 3.1.0
2022-08-13 21:51:42,378 [INFO] ThirdParty:981 - CMSIS Pack Vendor :STMicroelectronics FP-ATR-ASTRA1 1.1.0
2022-08-13 21:51:42,379 [INFO] ThirdParty:981 - CMSIS Pack Vendor :STMicroelectronics X-CUBE-AZRTOS-G4 1.0.0
2022-08-13 21:51:42,379 [INFO] ThirdParty:981 - CMSIS Pack Vendor :STMicroelectronics X-CUBE-AZRTOS-L4 1.0.0
2022-08-13 21:51:42,379 [INFO] ThirdParty:981 - CMSIS Pack Vendor :STMicroelectronics HAL Drivers 0.0.0
2022-08-13 21:51:42,379 [INFO] ThirdParty:981 - CMSIS Pack Vendor :STMicroelectronics MBEDTLS 2.16.2
2022-08-13 21:51:42,379 [INFO] ThirdParty:981 - CMSIS Pack Vendor :emotas I-CUBE-CANOPEN 1.1.2
2022-08-13 21:51:42,379 [INFO] ThirdParty:981 - CMSIS Pack Vendor :STMicroelectronics X-CUBE-TOUCHGFX 4.20.0
2022-08-13 21:51:42,379 [INFO] ThirdParty:981 - CMSIS Pack Vendor :STMicroelectronics MBEDTLS 2.14.1
2022-08-13 21:51:42,379 [INFO] ThirdParty:981 - CMSIS Pack Vendor :STMicroelectronics X-CUBE-NFC7 1.0.0
2022-08-13 21:51:42,379 [INFO] ThirdParty:981 - CMSIS Pack Vendor :STMicroelectronics X-CUBE-AZRTOS-WL 1.0.0
2022-08-13 21:51:42,379 [INFO] ThirdParty:981 - CMSIS Pack Vendor :STMicroelectronics X-CUBE-MEMS1 9.3.0
2022-08-13 21:51:42,379 [INFO] ThirdParty:981 - CMSIS Pack Vendor :portGmbH I-Cube-SoM-uGOAL 1.1.0
2022-08-13 21:51:42,379 [INFO] ThirdParty:981 - CMSIS Pack Vendor :STMicroelectronics X-CUBE-ALS 1.0.1
2022-08-13 21:51:42,379 [INFO] ThirdParty:981 - CMSIS Pack Vendor :STMicroelectronics X-CUBE-AI 7.2.0
2022-08-13 21:51:42,379 [INFO] ThirdParty:981 - CMSIS Pack Vendor :STMicroelectronics ThreadX 1.0.0
2022-08-13 21:51:42,380 [INFO] ThirdParty:981 - CMSIS Pack Vendor :STMicroelectronics X-CUBE-AZRTOS-L5 1.0.0
2022-08-13 21:51:42,380 [INFO] ThirdParty:981 - CMSIS Pack Vendor :STMicroelectronics USB_DEVICE 1.0.0
2022-08-13 21:51:42,380 [INFO] ThirdParty:981 - CMSIS Pack Vendor :STMicroelectronics X-CUBE-EEPRMA1 3.1.1
2022-08-13 21:51:42,380 [INFO] ThirdParty:981 - CMSIS Pack Vendor :STMicroelectronics ThreadX 0.0.2
2022-08-13 21:51:42,380 [INFO] ThirdParty:981 - CMSIS Pack Vendor :STMicroelectronics lwIP 2.1.2
2022-08-13 21:51:42,380 [INFO] ThirdParty:981 - CMSIS Pack Vendor :STMicroelectronics X-CUBE-SFXS2LP1 4.0.0
2022-08-13 21:51:42,380 [INFO] ThirdParty:981 - CMSIS Pack Vendor :STMicroelectronics X-CUBE-BLE2 3.3.0
2022-08-13 21:51:42,380 [INFO] ThirdParty:981 - CMSIS Pack Vendor :STMicroelectronics X-CUBE-DISPLAY 2.2.0
2022-08-13 21:51:42,380 [INFO] ThirdParty:981 - CMSIS Pack Vendor :STMicroelectronics PDM2PCM 3.2.0
2022-08-13 21:51:42,380 [INFO] ThirdParty:981 - CMSIS Pack Vendor :STMicroelectronics X-CUBE-ISPU 1.0.0
2022-08-13 21:51:42,380 [INFO] ThirdParty:797 - exiting critical section [change project]
2022-08-13 21:51:42,641 [INFO] PinOutPanel:1468 - setPackage(No Configuration,No Configuration)
2022-08-13 21:51:42,643 [INFO] PinOutPanel:1468 - setPackage(STM32F103RBTx,LQFP64)
2022-08-13 21:51:43,128 [INFO] UtilMem:74 - Before build in PCC Used Memory: 737512864 Bytes (1058013184)
2022-08-13 21:51:43,747 [INFO] UtilMem:74 - After build in PCC Used Memory: 661530112 Bytes (1058013184)
2022-08-13 21:51:43,765 [INFO] IPUIPlugin:79 - create IPUIPlugin
2022-08-13 21:51:43,765 [INFO] IPUIPlugin:79 - create IPUIPlugin
2022-08-13 21:51:43,765 [INFO] IPUIPlugin:79 - create IPUIPlugin
2022-08-13 21:51:43,766 [INFO] IPUIPlugin:79 - create IPUIPlugin
2022-08-13 21:51:43,766 [INFO] IPUIPlugin:79 - create IPUIPlugin
2022-08-13 21:51:43,766 [INFO] IPUIPlugin:79 - create IPUIPlugin
2022-08-13 21:51:43,766 [INFO] IPUIPlugin:79 - create IPUIPlugin
2022-08-13 21:51:43,766 [INFO] IPUIPlugin:79 - create IPUIPlugin
2022-08-13 21:51:43,767 [INFO] IPUIPlugin:79 - create IPUIPlugin
2022-08-13 21:51:43,767 [INFO] IPUIPlugin:79 - create IPUIPlugin
2022-08-13 21:51:43,767 [INFO] IPUIPlugin:79 - create IPUIPlugin
2022-08-13 21:51:43,767 [INFO] IPUIPlugin:79 - create IPUIPlugin
2022-08-13 21:51:43,767 [INFO] IPUIPlugin:79 - create IPUIPlugin
2022-08-13 21:51:43,767 [INFO] IPUIPlugin:79 - create IPUIPlugin
2022-08-13 21:51:43,768 [INFO] IPUIPlugin:79 - create IPUIPlugin
2022-08-13 21:51:43,768 [INFO] IPUIPlugin:79 - create IPUIPlugin
2022-08-13 21:51:43,768 [INFO] IPUIPlugin:79 - create IPUIPlugin
2022-08-13 21:51:43,768 [INFO] IPUIPlugin:79 - create IPUIPlugin
2022-08-13 21:51:43,769 [INFO] IPUIPlugin:79 - create IPUIPlugin
2022-08-13 21:51:43,769 [INFO] IPUIPlugin:79 - create IPUIPlugin
2022-08-13 21:51:43,769 [INFO] IPUIPlugin:79 - create IPUIPlugin
2022-08-13 21:51:43,769 [INFO] IPUIPlugin:79 - create IPUIPlugin
2022-08-13 21:51:43,769 [INFO] IPUIPlugin:79 - create IPUIPlugin
2022-08-13 21:51:43,770 [INFO] IPUIPlugin:79 - create IPUIPlugin
2022-08-13 21:51:43,770 [INFO] IPUIPlugin:79 - create IPUIPlugin
2022-08-13 21:51:43,770 [INFO] IPUIPlugin:79 - create IPUIPlugin
2022-08-13 21:51:43,771 [INFO] IPUIPlugin:79 - create IPUIPlugin
2022-08-13 21:51:44,002 [INFO] OpenFileManager:327 - Restore cursor
2022-08-13 21:51:44,601 [INFO] UtilMem:74 - End SaveConfig() Used Memory: 776347136 Bytes (1058013184)
2022-08-13 21:51:44,675 [INFO] UtilMem:74 - End SaveConfig() Used Memory: 789456384 Bytes (1058013184)
2022-08-13 21:51:45,193 [INFO] BlockDiagram:2753 - set Specific Code input for plugin: NVIC
2022-08-13 21:51:45,193 [INFO] BlockDiagram:2753 - set Specific Code input for plugin: USART
2022-08-13 21:51:45,194 [INFO] BlockDiagram:2753 - set Specific Code input for plugin: SYS
2022-08-13 21:51:45,194 [INFO] BlockDiagram:2753 - set Specific Code input for plugin: GPIO
2022-08-13 21:51:45,194 [INFO] BlockDiagram:2753 - set Specific Code input for plugin: RCC
2022-08-13 21:51:45,196 [INFO] CodeGenerator:690 - code generatio: config db path: C:\ST\STM32CubeIDE_1.10.1\STM32CubeIDE\plugins\com.st.stm32cube.common.mx_6.6.1.202207061420\\db\
2022-08-13 21:51:45,576 [INFO] CodeEngine:245 - oldGeneratedFile, D:\jECI\2022-2\STM32CubeIDEworkspace_1.10.1\Test1\MXTmpFiles\license.tmp_save
2022-08-13 21:51:45,931 [INFO] CodeEngine:269 - Generated code: D:\jECI\2022-2\STM32CubeIDEworkspace_1.10.1\Test1\MXTmpFiles\license.tmp
2022-08-13 21:51:46,015 [INFO] CodeEngine:245 - oldGeneratedFile, D:\jECI\2022-2\STM32CubeIDEworkspace_1.10.1\Test1\MXTmpFiles\gpio.tmp_save
2022-08-13 21:51:46,146 [INFO] CodeEngine:269 - Generated code: D:\jECI\2022-2\STM32CubeIDEworkspace_1.10.1\Test1\MXTmpFiles\gpio.tmp
2022-08-13 21:51:46,202 [INFO] CodeEngine:245 - oldGeneratedFile, D:\jECI\2022-2\STM32CubeIDEworkspace_1.10.1\Test1\Core\Src\stm32f1xx_it.c_save
2022-08-13 21:51:46,340 [INFO] CodeEngine:269 - Generated code: D:\jECI\2022-2\STM32CubeIDEworkspace_1.10.1\Test1\Core\Src\stm32f1xx_it.c
2022-08-13 21:51:46,343 [INFO] CodeEngine:245 - oldGeneratedFile, D:\jECI\2022-2\STM32CubeIDEworkspace_1.10.1\Test1\Core\Inc\stm32f1xx_it.h_save
2022-08-13 21:51:46,430 [INFO] CodeEngine:269 - Generated code: D:\jECI\2022-2\STM32CubeIDEworkspace_1.10.1\Test1\Core\Inc\stm32f1xx_it.h
2022-08-13 21:51:46,439 [INFO] CodeEngine:245 - oldGeneratedFile, D:\jECI\2022-2\STM32CubeIDEworkspace_1.10.1\Test1\Core\Src\stm32f1xx_hal_msp.c_save
2022-08-13 21:51:46,583 [INFO] CodeEngine:269 - Generated code: D:\jECI\2022-2\STM32CubeIDEworkspace_1.10.1\Test1\Core\Src\stm32f1xx_hal_msp.c
2022-08-13 21:51:46,587 [INFO] CodeEngine:245 - oldGeneratedFile, D:\jECI\2022-2\STM32CubeIDEworkspace_1.10.1\Test1\MXTmpFiles\system.tmp_save
2022-08-13 21:51:46,668 [INFO] CodeEngine:269 - Generated code: D:\jECI\2022-2\STM32CubeIDEworkspace_1.10.1\Test1\MXTmpFiles\system.tmp
2022-08-13 21:51:46,676 [INFO] CodeEngine:245 - oldGeneratedFile, D:\jECI\2022-2\STM32CubeIDEworkspace_1.10.1\Test1\Core\Inc\stm32f1xx_hal_conf.h_save
2022-08-13 21:51:46,780 [INFO] CodeEngine:269 - Generated code: D:\jECI\2022-2\STM32CubeIDEworkspace_1.10.1\Test1\Core\Inc\stm32f1xx_hal_conf.h
2022-08-13 21:51:46,815 [INFO] CodeEngine:245 - oldGeneratedFile, D:\jECI\2022-2\STM32CubeIDEworkspace_1.10.1\Test1\Core\Inc\main.h_save
2022-08-13 21:51:46,924 [INFO] CodeEngine:269 - Generated code: D:\jECI\2022-2\STM32CubeIDEworkspace_1.10.1\Test1\Core\Inc\main.h
2022-08-13 21:51:46,928 [INFO] CodeEngine:245 - oldGeneratedFile, D:\jECI\2022-2\STM32CubeIDEworkspace_1.10.1\Test1\Core\Src\main.c_save
2022-08-13 21:51:47,107 [INFO] CodeEngine:269 - Generated code: D:\jECI\2022-2\STM32CubeIDEworkspace_1.10.1\Test1\Core\Src\main.c
2022-08-13 21:51:48,219 [INFO] ProjectBuilder:2919 - Time for Copy HAL[1] : 335mS.
2022-08-13 21:51:48,231 [INFO] ProjectBuilder:4117 - Project Generator version: 3.17.1
2022-08-13 21:51:48,474 [INFO] ConfigFileManager:1394 - The Die is : DIE410
2022-08-13 21:51:48,485 [INFO] ApiDbMcu:505 - Load IP Config File for FATFS
2022-08-13 21:51:48,490 [INFO] ApiDbMcu:505 - Load IP Config File for FREERTOS
2022-08-13 21:51:48,497 [INFO] ApiDbMcu:505 - Load IP Config File for USB_DEVICE
2022-08-13 21:51:52,135 [INFO] ProjectBuilder:4285 - Time for Generating toolchain IDE Files: 3903mS.
2022-08-13 21:51:52,136 [INFO] ProjectBuilder:2790 - Time for Copy CMSIS : 1mS.
2022-08-13 21:51:52,138 [INFO] ProjectBuilder:2790 - Time for Copy CMSIS : 0mS.
2022-08-13 21:51:52,505 [INFO] McuFinderGlobals:57 - Set McuFinderConnectedMode to true
2022-08-13 21:51:52,509 [INFO] ApiDb:443 - Save user favorites file C:\Users\javie/.stm32cubeide/favorites.mcus.txt: 0 item(s)
2022-08-13 21:51:52,510 [INFO] ApiDb:447 - User favorites MCUs=[]
2022-08-13 21:51:52,513 [INFO] ApiDb:443 - Save user favorites file C:\Users\javie/.stm32cubeide/favorites.boards.txt: 1 item(s)
2022-08-13 21:51:52,514 [INFO] ApiDb:447 - User favorites Boards=[NUCLEO-F103RB]
2022-08-13 21:51:52,521 [INFO] ApiDb:443 - Save user favorites file C:\Users\javie/.stm32cubeide/favorites.examples.txt: 0 item(s)
2022-08-13 21:51:52,521 [INFO] ApiDb:447 - User favorites Examples=[]
2022-08-13 22:02:15,465 [INFO] Activator:177 - 


2022-08-13 22:02:15,466 [INFO] Activator:178 - !SESSION log4j initialized
2022-08-13 22:02:42,714 [ERROR] LogOutputStream:74 - [STDERR_REDIRECT] SLF4J: Failed to load class "org.slf4j.impl.StaticLoggerBinder".
2022-08-13 22:02:42,716 [ERROR] LogOutputStream:74 - [STDERR_REDIRECT] SLF4J: Defaulting to no-operation (NOP) logger implementation
2022-08-13 22:02:42,717 [ERROR] LogOutputStream:74 - [STDERR_REDIRECT] SLF4J: See http://www.slf4j.org/codes.html#StaticLoggerBinder for further details.
2022-08-13 22:03:31,035 [INFO] Activator:177 - 


2022-08-13 22:03:31,036 [INFO] Activator:178 - !SESSION log4j initialized
2022-08-13 22:03:58,594 [ERROR] LogOutputStream:74 - [STDERR_REDIRECT] SLF4J: Failed to load class "org.slf4j.impl.StaticLoggerBinder".
2022-08-13 22:03:58,595 [ERROR] LogOutputStream:74 - [STDERR_REDIRECT] SLF4J: Defaulting to no-operation (NOP) logger implementation
2022-08-13 22:03:58,597 [ERROR] LogOutputStream:74 - [STDERR_REDIRECT] SLF4J: See http://www.slf4j.org/codes.html#StaticLoggerBinder for further details.
2022-08-13 22:12:43,169 [INFO] Activator:177 - 


2022-08-13 22:12:43,170 [INFO] Activator:178 - !SESSION log4j initialized
2022-08-13 22:13:25,379 [INFO] Activator:177 - 


2022-08-13 22:13:25,380 [INFO] Activator:178 - !SESSION log4j initialized
2022-08-13 22:14:14,076 [INFO] Activator:177 - 


2022-08-13 22:14:14,078 [INFO] Activator:178 - !SESSION log4j initialized
2022-08-13 22:14:40,871 [ERROR] LogOutputStream:74 - [STDERR_REDIRECT] SLF4J: Failed to load class "org.slf4j.impl.StaticLoggerBinder".
2022-08-13 22:14:40,872 [ERROR] LogOutputStream:74 - [STDERR_REDIRECT] SLF4J: Defaulting to no-operation (NOP) logger implementation
2022-08-13 22:14:40,873 [ERROR] LogOutputStream:74 - [STDERR_REDIRECT] SLF4J: See http://www.slf4j.org/codes.html#StaticLoggerBinder for further details.
